<!DOCTYPE html>
<html>
<head>
<meta http-equiv="Content-Type" content="text/html; charset=utf-8"/>
<meta http-equiv="x-ua-compatible" content="IE=edge"/>
<title>Test results - Saml2LoginApplicationITests</title>
<link href="../css/base-style.css" rel="stylesheet" type="text/css"/>
<link href="../css/style.css" rel="stylesheet" type="text/css"/>
<script src="../js/report.js" type="text/javascript"></script>
</head>
<body>
<div id="content">
<h1>Saml2LoginApplicationITests</h1>
<div class="breadcrumbs">
<a href="../index.html">all</a> &gt; 
<a href="../packages/example.html">example</a> &gt; Saml2LoginApplicationITests</div>
<div id="summary">
<table>
<tr>
<td>
<div class="summaryGroup">
<table>
<tr>
<td>
<div class="infoBox" id="tests">
<div class="counter">2</div>
<p>tests</p>
</div>
</td>
<td>
<div class="infoBox" id="failures">
<div class="counter">2</div>
<p>failures</p>
</div>
</td>
<td>
<div class="infoBox" id="ignored">
<div class="counter">0</div>
<p>ignored</p>
</div>
</td>
<td>
<div class="infoBox" id="duration">
<div class="counter">25.076s</div>
<p>duration</p>
</div>
</td>
</tr>
</table>
</div>
</td>
<td>
<div class="infoBox failures" id="successRate">
<div class="percent">0%</div>
<p>successful</p>
</div>
</td>
</tr>
</table>
</div>
<div id="tabs">
<ul class="tabLinks">
<li>
<a href="#tab0">Failed tests</a>
</li>
<li>
<a href="#tab1">Tests</a>
</li>
<li>
<a href="#tab2">Standard output</a>
</li>
</ul>
<div id="tab0" class="tab">
<h2>Failed tests</h2>
<div class="test">
<a name="authenticationAttemptWhenValidThenShowsUserEmailAddress()"></a>
<h3 class="failures">authenticationAttemptWhenValidThenShowsUserEmailAddress()</h3>
<span class="code">
<pre>java.lang.IllegalStateException: Could not resolve login form
	at example.Saml2LoginApplicationITests.findForm(Saml2LoginApplicationITests.java:108)
	at example.Saml2LoginApplicationITests.performLogin(Saml2LoginApplicationITests.java:87)
	at example.Saml2LoginApplicationITests.authenticationAttemptWhenValidThenShowsUserEmailAddress(Saml2LoginApplicationITests.java:57)
	at java.base/jdk.internal.reflect.NativeMethodAccessorImpl.invoke0(Native Method)
	at java.base/jdk.internal.reflect.NativeMethodAccessorImpl.invoke(NativeMethodAccessorImpl.java:77)
	at java.base/jdk.internal.reflect.DelegatingMethodAccessorImpl.invoke(DelegatingMethodAccessorImpl.java:43)
	at java.base/java.lang.reflect.Method.invoke(Method.java:568)
	at org.junit.platform.commons.util.ReflectionUtils.invokeMethod(ReflectionUtils.java:727)
	at org.junit.jupiter.engine.execution.MethodInvocation.proceed(MethodInvocation.java:60)
	at org.junit.jupiter.engine.execution.InvocationInterceptorChain$ValidatingInvocation.proceed(InvocationInterceptorChain.java:131)
	at org.junit.jupiter.engine.extension.TimeoutExtension.intercept(TimeoutExtension.java:156)
	at org.junit.jupiter.engine.extension.TimeoutExtension.interceptTestableMethod(TimeoutExtension.java:147)
	at org.junit.jupiter.engine.extension.TimeoutExtension.interceptTestMethod(TimeoutExtension.java:86)
	at org.junit.jupiter.engine.execution.InterceptingExecutableInvoker$ReflectiveInterceptorCall.lambda$ofVoidMethod$0(InterceptingExecutableInvoker.java:103)
	at org.junit.jupiter.engine.execution.InterceptingExecutableInvoker.lambda$invoke$0(InterceptingExecutableInvoker.java:93)
	at org.junit.jupiter.engine.execution.InvocationInterceptorChain$InterceptedInvocation.proceed(InvocationInterceptorChain.java:106)
	at org.junit.jupiter.engine.execution.InvocationInterceptorChain.proceed(InvocationInterceptorChain.java:64)
	at org.junit.jupiter.engine.execution.InvocationInterceptorChain.chainAndInvoke(InvocationInterceptorChain.java:45)
	at org.junit.jupiter.engine.execution.InvocationInterceptorChain.invoke(InvocationInterceptorChain.java:37)
	at org.junit.jupiter.engine.execution.InterceptingExecutableInvoker.invoke(InterceptingExecutableInvoker.java:92)
	at org.junit.jupiter.engine.execution.InterceptingExecutableInvoker.invoke(InterceptingExecutableInvoker.java:86)
	at org.junit.jupiter.engine.descriptor.TestMethodTestDescriptor.lambda$invokeTestMethod$7(TestMethodTestDescriptor.java:217)
	at org.junit.platform.engine.support.hierarchical.ThrowableCollector.execute(ThrowableCollector.java:73)
	at org.junit.jupiter.engine.descriptor.TestMethodTestDescriptor.invokeTestMethod(TestMethodTestDescriptor.java:213)
	at org.junit.jupiter.engine.descriptor.TestMethodTestDescriptor.execute(TestMethodTestDescriptor.java:138)
	at org.junit.jupiter.engine.descriptor.TestMethodTestDescriptor.execute(TestMethodTestDescriptor.java:68)
	at org.junit.platform.engine.support.hierarchical.NodeTestTask.lambda$executeRecursively$6(NodeTestTask.java:151)
	at org.junit.platform.engine.support.hierarchical.ThrowableCollector.execute(ThrowableCollector.java:73)
	at org.junit.platform.engine.support.hierarchical.NodeTestTask.lambda$executeRecursively$8(NodeTestTask.java:141)
	at org.junit.platform.engine.support.hierarchical.Node.around(Node.java:137)
	at org.junit.platform.engine.support.hierarchical.NodeTestTask.lambda$executeRecursively$9(NodeTestTask.java:139)
	at org.junit.platform.engine.support.hierarchical.ThrowableCollector.execute(ThrowableCollector.java:73)
	at org.junit.platform.engine.support.hierarchical.NodeTestTask.executeRecursively(NodeTestTask.java:138)
	at org.junit.platform.engine.support.hierarchical.NodeTestTask.execute(NodeTestTask.java:95)
	at java.base/java.util.ArrayList.forEach(ArrayList.java:1511)
	at org.junit.platform.engine.support.hierarchical.SameThreadHierarchicalTestExecutorService.invokeAll(SameThreadHierarchicalTestExecutorService.java:41)
	at org.junit.platform.engine.support.hierarchical.NodeTestTask.lambda$executeRecursively$6(NodeTestTask.java:155)
	at org.junit.platform.engine.support.hierarchical.ThrowableCollector.execute(ThrowableCollector.java:73)
	at org.junit.platform.engine.support.hierarchical.NodeTestTask.lambda$executeRecursively$8(NodeTestTask.java:141)
	at org.junit.platform.engine.support.hierarchical.Node.around(Node.java:137)
	at org.junit.platform.engine.support.hierarchical.NodeTestTask.lambda$executeRecursively$9(NodeTestTask.java:139)
	at org.junit.platform.engine.support.hierarchical.ThrowableCollector.execute(ThrowableCollector.java:73)
	at org.junit.platform.engine.support.hierarchical.NodeTestTask.executeRecursively(NodeTestTask.java:138)
	at org.junit.platform.engine.support.hierarchical.NodeTestTask.execute(NodeTestTask.java:95)
	at java.base/java.util.ArrayList.forEach(ArrayList.java:1511)
	at org.junit.platform.engine.support.hierarchical.SameThreadHierarchicalTestExecutorService.invokeAll(SameThreadHierarchicalTestExecutorService.java:41)
	at org.junit.platform.engine.support.hierarchical.NodeTestTask.lambda$executeRecursively$6(NodeTestTask.java:155)
	at org.junit.platform.engine.support.hierarchical.ThrowableCollector.execute(ThrowableCollector.java:73)
	at org.junit.platform.engine.support.hierarchical.NodeTestTask.lambda$executeRecursively$8(NodeTestTask.java:141)
	at org.junit.platform.engine.support.hierarchical.Node.around(Node.java:137)
	at org.junit.platform.engine.support.hierarchical.NodeTestTask.lambda$executeRecursively$9(NodeTestTask.java:139)
	at org.junit.platform.engine.support.hierarchical.ThrowableCollector.execute(ThrowableCollector.java:73)
	at org.junit.platform.engine.support.hierarchical.NodeTestTask.executeRecursively(NodeTestTask.java:138)
	at org.junit.platform.engine.support.hierarchical.NodeTestTask.execute(NodeTestTask.java:95)
	at org.junit.platform.engine.support.hierarchical.SameThreadHierarchicalTestExecutorService.submit(SameThreadHierarchicalTestExecutorService.java:35)
	at org.junit.platform.engine.support.hierarchical.HierarchicalTestExecutor.execute(HierarchicalTestExecutor.java:57)
	at org.junit.platform.engine.support.hierarchical.HierarchicalTestEngine.execute(HierarchicalTestEngine.java:54)
	at org.junit.platform.launcher.core.EngineExecutionOrchestrator.execute(EngineExecutionOrchestrator.java:107)
	at org.junit.platform.launcher.core.EngineExecutionOrchestrator.execute(EngineExecutionOrchestrator.java:88)
	at org.junit.platform.launcher.core.EngineExecutionOrchestrator.lambda$execute$0(EngineExecutionOrchestrator.java:54)
	at org.junit.platform.launcher.core.EngineExecutionOrchestrator.withInterceptedStreams(EngineExecutionOrchestrator.java:67)
	at org.junit.platform.launcher.core.EngineExecutionOrchestrator.execute(EngineExecutionOrchestrator.java:52)
	at org.junit.platform.launcher.core.DefaultLauncher.execute(DefaultLauncher.java:114)
	at org.junit.platform.launcher.core.DefaultLauncher.execute(DefaultLauncher.java:86)
	at org.junit.platform.launcher.core.DefaultLauncherSession$DelegatingLauncher.execute(DefaultLauncherSession.java:86)
	at org.junit.platform.launcher.core.SessionPerRequestLauncher.execute(SessionPerRequestLauncher.java:53)
	at org.gradle.api.internal.tasks.testing.junitplatform.JUnitPlatformTestClassProcessor$CollectAllTestClassesExecutor.processAllTestClasses(JUnitPlatformTestClassProcessor.java:99)
	at org.gradle.api.internal.tasks.testing.junitplatform.JUnitPlatformTestClassProcessor$CollectAllTestClassesExecutor.access$000(JUnitPlatformTestClassProcessor.java:79)
	at org.gradle.api.internal.tasks.testing.junitplatform.JUnitPlatformTestClassProcessor.stop(JUnitPlatformTestClassProcessor.java:75)
	at org.gradle.api.internal.tasks.testing.SuiteTestClassProcessor.stop(SuiteTestClassProcessor.java:61)
	at java.base/jdk.internal.reflect.NativeMethodAccessorImpl.invoke0(Native Method)
	at java.base/jdk.internal.reflect.NativeMethodAccessorImpl.invoke(NativeMethodAccessorImpl.java:77)
	at java.base/jdk.internal.reflect.DelegatingMethodAccessorImpl.invoke(DelegatingMethodAccessorImpl.java:43)
	at java.base/java.lang.reflect.Method.invoke(Method.java:568)
	at org.gradle.internal.dispatch.ReflectionDispatch.dispatch(ReflectionDispatch.java:36)
	at org.gradle.internal.dispatch.ReflectionDispatch.dispatch(ReflectionDispatch.java:24)
	at org.gradle.internal.dispatch.ContextClassLoaderDispatch.dispatch(ContextClassLoaderDispatch.java:33)
	at org.gradle.internal.dispatch.ProxyDispatchAdapter$DispatchingInvocationHandler.invoke(ProxyDispatchAdapter.java:94)
	at jdk.proxy1/jdk.proxy1.$Proxy2.stop(Unknown Source)
	at org.gradle.api.internal.tasks.testing.worker.TestWorker$3.run(TestWorker.java:193)
	at org.gradle.api.internal.tasks.testing.worker.TestWorker.executeAndMaintainThreadName(TestWorker.java:129)
	at org.gradle.api.internal.tasks.testing.worker.TestWorker.execute(TestWorker.java:100)
	at org.gradle.api.internal.tasks.testing.worker.TestWorker.execute(TestWorker.java:60)
	at org.gradle.process.internal.worker.child.ActionExecutionWorker.execute(ActionExecutionWorker.java:56)
	at org.gradle.process.internal.worker.child.SystemApplicationClassLoaderWorker.call(SystemApplicationClassLoaderWorker.java:133)
	at org.gradle.process.internal.worker.child.SystemApplicationClassLoaderWorker.call(SystemApplicationClassLoaderWorker.java:71)
	at worker.org.gradle.process.internal.worker.GradleWorkerMain.run(GradleWorkerMain.java:69)
	at worker.org.gradle.process.internal.worker.GradleWorkerMain.main(GradleWorkerMain.java:74)
</pre>
</span>
</div>
<div class="test">
<a name="logoutWhenRelyingPartyInitiatedLogoutThenLoginPageWithLogoutParam()"></a>
<h3 class="failures">logoutWhenRelyingPartyInitiatedLogoutThenLoginPageWithLogoutParam()</h3>
<span class="code">
<pre>java.lang.IllegalStateException: Could not resolve login form
	at example.Saml2LoginApplicationITests.findForm(Saml2LoginApplicationITests.java:108)
	at example.Saml2LoginApplicationITests.performLogin(Saml2LoginApplicationITests.java:87)
	at example.Saml2LoginApplicationITests.logoutWhenRelyingPartyInitiatedLogoutThenLoginPageWithLogoutParam(Saml2LoginApplicationITests.java:64)
	at java.base/jdk.internal.reflect.NativeMethodAccessorImpl.invoke0(Native Method)
	at java.base/jdk.internal.reflect.NativeMethodAccessorImpl.invoke(NativeMethodAccessorImpl.java:77)
	at java.base/jdk.internal.reflect.DelegatingMethodAccessorImpl.invoke(DelegatingMethodAccessorImpl.java:43)
	at java.base/java.lang.reflect.Method.invoke(Method.java:568)
	at org.junit.platform.commons.util.ReflectionUtils.invokeMethod(ReflectionUtils.java:727)
	at org.junit.jupiter.engine.execution.MethodInvocation.proceed(MethodInvocation.java:60)
	at org.junit.jupiter.engine.execution.InvocationInterceptorChain$ValidatingInvocation.proceed(InvocationInterceptorChain.java:131)
	at org.junit.jupiter.engine.extension.TimeoutExtension.intercept(TimeoutExtension.java:156)
	at org.junit.jupiter.engine.extension.TimeoutExtension.interceptTestableMethod(TimeoutExtension.java:147)
	at org.junit.jupiter.engine.extension.TimeoutExtension.interceptTestMethod(TimeoutExtension.java:86)
	at org.junit.jupiter.engine.execution.InterceptingExecutableInvoker$ReflectiveInterceptorCall.lambda$ofVoidMethod$0(InterceptingExecutableInvoker.java:103)
	at org.junit.jupiter.engine.execution.InterceptingExecutableInvoker.lambda$invoke$0(InterceptingExecutableInvoker.java:93)
	at org.junit.jupiter.engine.execution.InvocationInterceptorChain$InterceptedInvocation.proceed(InvocationInterceptorChain.java:106)
	at org.junit.jupiter.engine.execution.InvocationInterceptorChain.proceed(InvocationInterceptorChain.java:64)
	at org.junit.jupiter.engine.execution.InvocationInterceptorChain.chainAndInvoke(InvocationInterceptorChain.java:45)
	at org.junit.jupiter.engine.execution.InvocationInterceptorChain.invoke(InvocationInterceptorChain.java:37)
	at org.junit.jupiter.engine.execution.InterceptingExecutableInvoker.invoke(InterceptingExecutableInvoker.java:92)
	at org.junit.jupiter.engine.execution.InterceptingExecutableInvoker.invoke(InterceptingExecutableInvoker.java:86)
	at org.junit.jupiter.engine.descriptor.TestMethodTestDescriptor.lambda$invokeTestMethod$7(TestMethodTestDescriptor.java:217)
	at org.junit.platform.engine.support.hierarchical.ThrowableCollector.execute(ThrowableCollector.java:73)
	at org.junit.jupiter.engine.descriptor.TestMethodTestDescriptor.invokeTestMethod(TestMethodTestDescriptor.java:213)
	at org.junit.jupiter.engine.descriptor.TestMethodTestDescriptor.execute(TestMethodTestDescriptor.java:138)
	at org.junit.jupiter.engine.descriptor.TestMethodTestDescriptor.execute(TestMethodTestDescriptor.java:68)
	at org.junit.platform.engine.support.hierarchical.NodeTestTask.lambda$executeRecursively$6(NodeTestTask.java:151)
	at org.junit.platform.engine.support.hierarchical.ThrowableCollector.execute(ThrowableCollector.java:73)
	at org.junit.platform.engine.support.hierarchical.NodeTestTask.lambda$executeRecursively$8(NodeTestTask.java:141)
	at org.junit.platform.engine.support.hierarchical.Node.around(Node.java:137)
	at org.junit.platform.engine.support.hierarchical.NodeTestTask.lambda$executeRecursively$9(NodeTestTask.java:139)
	at org.junit.platform.engine.support.hierarchical.ThrowableCollector.execute(ThrowableCollector.java:73)
	at org.junit.platform.engine.support.hierarchical.NodeTestTask.executeRecursively(NodeTestTask.java:138)
	at org.junit.platform.engine.support.hierarchical.NodeTestTask.execute(NodeTestTask.java:95)
	at java.base/java.util.ArrayList.forEach(ArrayList.java:1511)
	at org.junit.platform.engine.support.hierarchical.SameThreadHierarchicalTestExecutorService.invokeAll(SameThreadHierarchicalTestExecutorService.java:41)
	at org.junit.platform.engine.support.hierarchical.NodeTestTask.lambda$executeRecursively$6(NodeTestTask.java:155)
	at org.junit.platform.engine.support.hierarchical.ThrowableCollector.execute(ThrowableCollector.java:73)
	at org.junit.platform.engine.support.hierarchical.NodeTestTask.lambda$executeRecursively$8(NodeTestTask.java:141)
	at org.junit.platform.engine.support.hierarchical.Node.around(Node.java:137)
	at org.junit.platform.engine.support.hierarchical.NodeTestTask.lambda$executeRecursively$9(NodeTestTask.java:139)
	at org.junit.platform.engine.support.hierarchical.ThrowableCollector.execute(ThrowableCollector.java:73)
	at org.junit.platform.engine.support.hierarchical.NodeTestTask.executeRecursively(NodeTestTask.java:138)
	at org.junit.platform.engine.support.hierarchical.NodeTestTask.execute(NodeTestTask.java:95)
	at java.base/java.util.ArrayList.forEach(ArrayList.java:1511)
	at org.junit.platform.engine.support.hierarchical.SameThreadHierarchicalTestExecutorService.invokeAll(SameThreadHierarchicalTestExecutorService.java:41)
	at org.junit.platform.engine.support.hierarchical.NodeTestTask.lambda$executeRecursively$6(NodeTestTask.java:155)
	at org.junit.platform.engine.support.hierarchical.ThrowableCollector.execute(ThrowableCollector.java:73)
	at org.junit.platform.engine.support.hierarchical.NodeTestTask.lambda$executeRecursively$8(NodeTestTask.java:141)
	at org.junit.platform.engine.support.hierarchical.Node.around(Node.java:137)
	at org.junit.platform.engine.support.hierarchical.NodeTestTask.lambda$executeRecursively$9(NodeTestTask.java:139)
	at org.junit.platform.engine.support.hierarchical.ThrowableCollector.execute(ThrowableCollector.java:73)
	at org.junit.platform.engine.support.hierarchical.NodeTestTask.executeRecursively(NodeTestTask.java:138)
	at org.junit.platform.engine.support.hierarchical.NodeTestTask.execute(NodeTestTask.java:95)
	at org.junit.platform.engine.support.hierarchical.SameThreadHierarchicalTestExecutorService.submit(SameThreadHierarchicalTestExecutorService.java:35)
	at org.junit.platform.engine.support.hierarchical.HierarchicalTestExecutor.execute(HierarchicalTestExecutor.java:57)
	at org.junit.platform.engine.support.hierarchical.HierarchicalTestEngine.execute(HierarchicalTestEngine.java:54)
	at org.junit.platform.launcher.core.EngineExecutionOrchestrator.execute(EngineExecutionOrchestrator.java:107)
	at org.junit.platform.launcher.core.EngineExecutionOrchestrator.execute(EngineExecutionOrchestrator.java:88)
	at org.junit.platform.launcher.core.EngineExecutionOrchestrator.lambda$execute$0(EngineExecutionOrchestrator.java:54)
	at org.junit.platform.launcher.core.EngineExecutionOrchestrator.withInterceptedStreams(EngineExecutionOrchestrator.java:67)
	at org.junit.platform.launcher.core.EngineExecutionOrchestrator.execute(EngineExecutionOrchestrator.java:52)
	at org.junit.platform.launcher.core.DefaultLauncher.execute(DefaultLauncher.java:114)
	at org.junit.platform.launcher.core.DefaultLauncher.execute(DefaultLauncher.java:86)
	at org.junit.platform.launcher.core.DefaultLauncherSession$DelegatingLauncher.execute(DefaultLauncherSession.java:86)
	at org.junit.platform.launcher.core.SessionPerRequestLauncher.execute(SessionPerRequestLauncher.java:53)
	at org.gradle.api.internal.tasks.testing.junitplatform.JUnitPlatformTestClassProcessor$CollectAllTestClassesExecutor.processAllTestClasses(JUnitPlatformTestClassProcessor.java:99)
	at org.gradle.api.internal.tasks.testing.junitplatform.JUnitPlatformTestClassProcessor$CollectAllTestClassesExecutor.access$000(JUnitPlatformTestClassProcessor.java:79)
	at org.gradle.api.internal.tasks.testing.junitplatform.JUnitPlatformTestClassProcessor.stop(JUnitPlatformTestClassProcessor.java:75)
	at org.gradle.api.internal.tasks.testing.SuiteTestClassProcessor.stop(SuiteTestClassProcessor.java:61)
	at java.base/jdk.internal.reflect.NativeMethodAccessorImpl.invoke0(Native Method)
	at java.base/jdk.internal.reflect.NativeMethodAccessorImpl.invoke(NativeMethodAccessorImpl.java:77)
	at java.base/jdk.internal.reflect.DelegatingMethodAccessorImpl.invoke(DelegatingMethodAccessorImpl.java:43)
	at java.base/java.lang.reflect.Method.invoke(Method.java:568)
	at org.gradle.internal.dispatch.ReflectionDispatch.dispatch(ReflectionDispatch.java:36)
	at org.gradle.internal.dispatch.ReflectionDispatch.dispatch(ReflectionDispatch.java:24)
	at org.gradle.internal.dispatch.ContextClassLoaderDispatch.dispatch(ContextClassLoaderDispatch.java:33)
	at org.gradle.internal.dispatch.ProxyDispatchAdapter$DispatchingInvocationHandler.invoke(ProxyDispatchAdapter.java:94)
	at jdk.proxy1/jdk.proxy1.$Proxy2.stop(Unknown Source)
	at org.gradle.api.internal.tasks.testing.worker.TestWorker$3.run(TestWorker.java:193)
	at org.gradle.api.internal.tasks.testing.worker.TestWorker.executeAndMaintainThreadName(TestWorker.java:129)
	at org.gradle.api.internal.tasks.testing.worker.TestWorker.execute(TestWorker.java:100)
	at org.gradle.api.internal.tasks.testing.worker.TestWorker.execute(TestWorker.java:60)
	at org.gradle.process.internal.worker.child.ActionExecutionWorker.execute(ActionExecutionWorker.java:56)
	at org.gradle.process.internal.worker.child.SystemApplicationClassLoaderWorker.call(SystemApplicationClassLoaderWorker.java:133)
	at org.gradle.process.internal.worker.child.SystemApplicationClassLoaderWorker.call(SystemApplicationClassLoaderWorker.java:71)
	at worker.org.gradle.process.internal.worker.GradleWorkerMain.run(GradleWorkerMain.java:69)
	at worker.org.gradle.process.internal.worker.GradleWorkerMain.main(GradleWorkerMain.java:74)
</pre>
</span>
</div>
</div>
<div id="tab1" class="tab">
<h2>Tests</h2>
<table>
<thead>
<tr>
<th>Test</th>
<th>Duration</th>
<th>Result</th>
</tr>
</thead>
<tr>
<td class="failures">authenticationAttemptWhenValidThenShowsUserEmailAddress()</td>
<td class="failures">10.923s</td>
<td class="failures">failed</td>
</tr>
<tr>
<td class="failures">logoutWhenRelyingPartyInitiatedLogoutThenLoginPageWithLogoutParam()</td>
<td class="failures">14.153s</td>
<td class="failures">failed</td>
</tr>
</table>
</div>
<div id="tab2" class="tab">
<h2>Standard output</h2>
<span class="code">
<pre>13:53:44.318 [Test worker] DEBUG org.springframework.boot.test.context.SpringBootTestContextBootstrapper - Neither @ContextConfiguration nor @ContextHierarchy found for test class [Saml2LoginApplicationITests]: using SpringBootContextLoader
13:53:44.326 [Test worker] DEBUG org.springframework.test.context.support.AbstractContextLoader - Could not detect default resource locations for test class [example.Saml2LoginApplicationITests]: no resource found for suffixes {-context.xml, Context.groovy}.
13:53:44.326 [Test worker] INFO org.springframework.test.context.support.AnnotationConfigContextLoaderUtils - Could not detect default configuration classes for test class [example.Saml2LoginApplicationITests]: Saml2LoginApplicationITests does not declare any static, non-private, non-final, nested classes annotated with @Configuration.
13:53:44.367 [Test worker] DEBUG org.springframework.boot.test.context.SpringBootTestContextBootstrapper - Using ContextCustomizers for test class [Saml2LoginApplicationITests]: [DisableObservabilityContextCustomizer, PropertyMappingContextCustomizer, Customizer, ImportsContextCustomizer, ExcludeFilterContextCustomizer, DuplicateJsonObjectContextCustomizer, MockitoContextCustomizer, TestRestTemplateContextCustomizer]
13:53:44.437 [Test worker] DEBUG org.springframework.context.annotation.ClassPathScanningCandidateComponentProvider - Identified candidate component class: file [C:\Users\z5h4632\git\spring-security-samples\servlet\spring-boot\java\saml2\login-single-tenant\build\classes\java\main\example\Saml2LoginApplication.class]
13:53:44.441 [Test worker] INFO org.springframework.boot.test.context.SpringBootTestContextBootstrapper - Found @SpringBootConfiguration example.Saml2LoginApplication for test class example.Saml2LoginApplicationITests
13:53:44.530 [Test worker] DEBUG org.springframework.test.context.util.TestContextSpringFactoriesUtils - Skipping candidate TestExecutionListener [org.springframework.test.context.transaction.TransactionalTestExecutionListener] due to a missing dependency. Specify custom TestExecutionListener classes or make the default TestExecutionListener classes and their required dependencies available. Offending class: [org/springframework/transaction/interceptor/TransactionAttributeSource]
13:53:44.532 [Test worker] DEBUG org.springframework.test.context.util.TestContextSpringFactoriesUtils - Skipping candidate TestExecutionListener [org.springframework.test.context.jdbc.SqlScriptsTestExecutionListener] due to a missing dependency. Specify custom TestExecutionListener classes or make the default TestExecutionListener classes and their required dependencies available. Offending class: [org/springframework/transaction/interceptor/TransactionAttribute]
13:53:44.534 [Test worker] DEBUG org.springframework.boot.test.context.SpringBootTestContextBootstrapper - Using TestExecutionListeners for test class [Saml2LoginApplicationITests]: [ServletTestExecutionListener, DirtiesContextBeforeModesTestExecutionListener, ApplicationEventsTestExecutionListener, MockitoTestExecutionListener, DependencyInjectionTestExecutionListener, DirtiesContextTestExecutionListener, WithSecurityContextTestExecutionListener, EventPublishingTestExecutionListener, ReactorContextTestExecutionListener, RestDocsTestExecutionListener, MockRestServiceServerResetTestExecutionListener, MockMvcPrintOnlyOnFailureTestExecutionListener, WebDriverTestExecutionListener, MockWebServiceServerTestExecutionListener, ResetMocksTestExecutionListener]
13:53:44.535 [Test worker] DEBUG org.springframework.test.context.support.AbstractDirtiesContextTestExecutionListener - Before test class: class [Saml2LoginApplicationITests], class annotated with @DirtiesContext [false] with mode [null]

  .   ____          _            __ _ _
 /\\ / ___'_ __ _ _(_)_ __  __ _ \ \ \ \
( ( )\___ | '_ | '_| | '_ \/ _` | \ \ \ \
 \\/  ___)| |_)| | | | | || (_| |  ) ) ) )
  '  |____| .__|_| |_|_| |_\__, | / / / /
 =========|_|==============|___/=/_/_/_/
 :: Spring Boot ::                (v3.0.0)

2023-04-17T13:53:44.860+09:00  INFO 3252 --- [    Test worker] example.Saml2LoginApplicationITests      : Starting Saml2LoginApplicationITests using Java 17.0.6 with PID 3252 (started by z5h4632 in C:\Users\z5h4632\git\spring-security-samples\servlet\spring-boot\java\saml2\login-single-tenant)
2023-04-17T13:53:44.861+09:00  INFO 3252 --- [    Test worker] example.Saml2LoginApplicationITests      : No active profile set, falling back to 1 default profile: &quot;default&quot;
2023-04-17T13:53:45.826+09:00 TRACE 3252 --- [    Test worker] eGlobalAuthenticationAutowiredConfigurer : Eagerly initializing {org.springframework.boot.autoconfigure.security.servlet.SpringBootWebSecurityConfiguration$WebSecurityEnablerConfiguration=org.springframework.boot.autoconfigure.security.servlet.SpringBootWebSecurityConfiguration$WebSecurityEnablerConfiguration@3ff54f3d}
2023-04-17T13:53:45.828+09:00 DEBUG 3252 --- [    Test worker] swordEncoderAuthenticationManagerBuilder : No authenticationProviders and no parentAuthenticationManager defined. Returning null.
2023-04-17T13:53:45.919+09:00 TRACE 3252 --- [    Test worker] o.s.s.s.c.OpenSamlInitializationService  : Initializing OpenSAML
2023-04-17T13:53:45.920+09:00  INFO 3252 --- [    Test worker] o.o.core.config.InitializationService    : Initializing OpenSAML using the Java Services API
2023-04-17T13:53:46.802+09:00  INFO 3252 --- [    Test worker] o.o.xmlsec.algorithm.AlgorithmRegistry   : Algorithm failed runtime support check, will not be usable: http://www.w3.org/2001/04/xmlenc#ripemd160
2023-04-17T13:53:46.808+09:00  INFO 3252 --- [    Test worker] o.o.xmlsec.algorithm.AlgorithmRegistry   : Algorithm failed runtime support check, will not be usable: http://www.w3.org/2001/04/xmldsig-more#hmac-ripemd160
2023-04-17T13:53:46.816+09:00  INFO 3252 --- [    Test worker] o.o.xmlsec.algorithm.AlgorithmRegistry   : Algorithm failed runtime support check, will not be usable: http://www.w3.org/2001/04/xmldsig-more#rsa-ripemd160
2023-04-17T13:53:47.155+09:00 DEBUG 3252 --- [    Test worker] o.s.s.s.c.OpenSamlInitializationService  : Initialized OpenSAML
2023-04-17T13:53:48.203+09:00 DEBUG 3252 --- [    Test worker] o.s.s.s.c.OpenSamlInitializationService  : Refused to re-initialize OpenSAML
2023-04-17T13:53:48.212+09:00 DEBUG 3252 --- [    Test worker] o.s.s.s.c.OpenSamlInitializationService  : Refused to re-initialize OpenSAML
2023-04-17T13:53:48.225+09:00 DEBUG 3252 --- [    Test worker] o.s.s.s.c.OpenSamlInitializationService  : Refused to re-initialize OpenSAML
2023-04-17T13:53:48.229+09:00 DEBUG 3252 --- [    Test worker] o.s.s.s.c.OpenSamlInitializationService  : Refused to re-initialize OpenSAML
2023-04-17T13:53:48.232+09:00 DEBUG 3252 --- [    Test worker] o.s.s.s.c.OpenSamlInitializationService  : Refused to re-initialize OpenSAML
2023-04-17T13:53:48.235+09:00 DEBUG 3252 --- [    Test worker] o.s.s.s.c.OpenSamlInitializationService  : Refused to re-initialize OpenSAML
2023-04-17T13:53:48.236+09:00  INFO 3252 --- [    Test worker] o.s.s.web.DefaultSecurityFilterChain     : Will secure any request with [org.springframework.security.web.session.DisableEncodeUrlFilter@10408ea, org.springframework.security.web.context.request.async.WebAsyncManagerIntegrationFilter@3d7b3b18, org.springframework.security.web.context.SecurityContextHolderFilter@26f480c6, org.springframework.security.web.header.HeaderWriterFilter@12723c5d, org.springframework.security.saml2.provider.service.web.authentication.logout.Saml2LogoutRequestFilter@b144175, org.springframework.security.saml2.provider.service.web.authentication.logout.Saml2LogoutResponseFilter@67784537, org.springframework.security.web.csrf.CsrfFilter@4d4c4b14, org.springframework.security.web.authentication.logout.LogoutFilter@2bc2e022, org.springframework.security.web.authentication.logout.LogoutFilter@72237be8, org.springframework.security.saml2.provider.service.web.Saml2WebSsoAuthenticationRequestFilter@54ca9420, org.springframework.security.saml2.provider.service.web.authentication.Saml2WebSsoAuthenticationFilter@1c05097c, org.springframework.security.web.authentication.ui.DefaultLoginPageGeneratingFilter@20914835, org.springframework.security.web.authentication.ui.DefaultLogoutPageGeneratingFilter@186dcb05, org.springframework.security.web.savedrequest.RequestCacheAwareFilter@7747cc1b, org.springframework.security.web.servletapi.SecurityContextHolderAwareRequestFilter@26a9c6df, org.springframework.security.web.authentication.AnonymousAuthenticationFilter@1d0dad12, org.springframework.security.web.access.ExceptionTranslationFilter@6b4fd7d, org.springframework.security.web.access.intercept.AuthorizationFilter@85cd413]
2023-04-17T13:53:48.237+09:00 DEBUG 3252 --- [    Test worker] o.s.s.s.c.OpenSamlInitializationService  : Refused to re-initialize OpenSAML
2023-04-17T13:53:48.550+09:00  INFO 3252 --- [    Test worker] o.s.b.a.w.s.WelcomePageHandlerMapping    : Adding welcome page template: index
2023-04-17T13:53:48.890+09:00  INFO 3252 --- [    Test worker] o.s.b.t.m.w.SpringBootMockServletContext : Initializing Spring TestDispatcherServlet ''
2023-04-17T13:53:48.893+09:00  INFO 3252 --- [    Test worker] o.s.t.web.servlet.TestDispatcherServlet  : Initializing Servlet ''
2023-04-17T13:53:48.896+09:00  INFO 3252 --- [    Test worker] o.s.t.web.servlet.TestDispatcherServlet  : Completed initialization in 1 ms
2023-04-17T13:53:49.453+09:00  INFO 3252 --- [    Test worker] example.Saml2LoginApplicationITests      : Started Saml2LoginApplicationITests in 4.867 seconds (process running for 6.03)
2023-04-17T13:53:49.903+09:00 TRACE 3252 --- [    Test worker] o.s.security.web.FilterChainProxy        : Trying to match request against DefaultSecurityFilterChain [RequestMatcher=any request, Filters=[org.springframework.security.web.session.DisableEncodeUrlFilter@10408ea, org.springframework.security.web.context.request.async.WebAsyncManagerIntegrationFilter@3d7b3b18, org.springframework.security.web.context.SecurityContextHolderFilter@26f480c6, org.springframework.security.web.header.HeaderWriterFilter@12723c5d, org.springframework.security.saml2.provider.service.web.authentication.logout.Saml2LogoutRequestFilter@b144175, org.springframework.security.saml2.provider.service.web.authentication.logout.Saml2LogoutResponseFilter@67784537, org.springframework.security.web.csrf.CsrfFilter@4d4c4b14, org.springframework.security.web.authentication.logout.LogoutFilter@2bc2e022, org.springframework.security.web.authentication.logout.LogoutFilter@72237be8, org.springframework.security.saml2.provider.service.web.Saml2WebSsoAuthenticationRequestFilter@54ca9420, org.springframework.security.saml2.provider.service.web.authentication.Saml2WebSsoAuthenticationFilter@1c05097c, org.springframework.security.web.authentication.ui.DefaultLoginPageGeneratingFilter@20914835, org.springframework.security.web.authentication.ui.DefaultLogoutPageGeneratingFilter@186dcb05, org.springframework.security.web.savedrequest.RequestCacheAwareFilter@7747cc1b, org.springframework.security.web.servletapi.SecurityContextHolderAwareRequestFilter@26a9c6df, org.springframework.security.web.authentication.AnonymousAuthenticationFilter@1d0dad12, org.springframework.security.web.access.ExceptionTranslationFilter@6b4fd7d, org.springframework.security.web.access.intercept.AuthorizationFilter@85cd413]] (1/1)
2023-04-17T13:53:49.904+09:00 DEBUG 3252 --- [    Test worker] o.s.security.web.FilterChainProxy        : Securing GET /
2023-04-17T13:53:49.905+09:00 TRACE 3252 --- [    Test worker] o.s.security.web.FilterChainProxy        : Invoking DisableEncodeUrlFilter (1/18)
2023-04-17T13:53:49.905+09:00 TRACE 3252 --- [    Test worker] o.s.security.web.FilterChainProxy        : Invoking WebAsyncManagerIntegrationFilter (2/18)
2023-04-17T13:53:49.908+09:00 TRACE 3252 --- [    Test worker] o.s.security.web.FilterChainProxy        : Invoking SecurityContextHolderFilter (3/18)
2023-04-17T13:53:49.912+09:00 TRACE 3252 --- [    Test worker] o.s.security.web.FilterChainProxy        : Invoking HeaderWriterFilter (4/18)
2023-04-17T13:53:49.914+09:00 TRACE 3252 --- [    Test worker] o.s.security.web.FilterChainProxy        : Invoking Saml2LogoutRequestFilter (5/18)
2023-04-17T13:53:49.915+09:00 TRACE 3252 --- [    Test worker] o.s.security.web.FilterChainProxy        : Invoking Saml2LogoutResponseFilter (6/18)
2023-04-17T13:53:49.915+09:00 TRACE 3252 --- [    Test worker] o.s.security.web.FilterChainProxy        : Invoking CsrfFilter (7/18)
2023-04-17T13:53:49.916+09:00 TRACE 3252 --- [    Test worker] o.s.security.web.csrf.CsrfFilter         : Did not protect against CSRF since request did not match And [CsrfNotRequired [TRACE, HEAD, GET, OPTIONS], Not [Or [Ant [pattern='/login/saml2/sso/{registrationId}']]]]
2023-04-17T13:53:49.917+09:00 TRACE 3252 --- [    Test worker] o.s.security.web.FilterChainProxy        : Invoking LogoutFilter (8/18)
2023-04-17T13:53:49.917+09:00 TRACE 3252 --- [    Test worker] o.s.s.w.a.logout.LogoutFilter            : Did not match request to And [Ant [pattern='/logout', POST], org.springframework.security.config.annotation.web.configurers.saml2.Saml2LogoutConfigurer$Saml2RequestMatcher@7e916dc2]
2023-04-17T13:53:49.917+09:00 TRACE 3252 --- [    Test worker] o.s.security.web.FilterChainProxy        : Invoking LogoutFilter (9/18)
2023-04-17T13:53:49.917+09:00 TRACE 3252 --- [    Test worker] o.s.s.w.a.logout.LogoutFilter            : Did not match request to Ant [pattern='/logout', POST]
2023-04-17T13:53:49.917+09:00 TRACE 3252 --- [    Test worker] o.s.security.web.FilterChainProxy        : Invoking Saml2WebSsoAuthenticationRequestFilter (10/18)
2023-04-17T13:53:49.918+09:00 TRACE 3252 --- [    Test worker] o.s.security.web.FilterChainProxy        : Invoking Saml2WebSsoAuthenticationFilter (11/18)
2023-04-17T13:53:49.918+09:00 TRACE 3252 --- [    Test worker] .p.s.w.a.Saml2WebSsoAuthenticationFilter : Did not match request to Ant [pattern='/login/saml2/sso/{registrationId}']
2023-04-17T13:53:49.918+09:00 TRACE 3252 --- [    Test worker] o.s.security.web.FilterChainProxy        : Invoking DefaultLoginPageGeneratingFilter (12/18)
2023-04-17T13:53:49.918+09:00 TRACE 3252 --- [    Test worker] o.s.security.web.FilterChainProxy        : Invoking DefaultLogoutPageGeneratingFilter (13/18)
2023-04-17T13:53:49.918+09:00 TRACE 3252 --- [    Test worker] .w.a.u.DefaultLogoutPageGeneratingFilter : Did not render default logout page since request did not match [Ant [pattern='/logout', GET]]
2023-04-17T13:53:49.918+09:00 TRACE 3252 --- [    Test worker] o.s.security.web.FilterChainProxy        : Invoking RequestCacheAwareFilter (14/18)
2023-04-17T13:53:49.918+09:00 TRACE 3252 --- [    Test worker] o.s.s.w.s.HttpSessionRequestCache        : matchingRequestParameterName is required for getMatchingRequest to lookup a value, but not provided
2023-04-17T13:53:49.918+09:00 TRACE 3252 --- [    Test worker] o.s.security.web.FilterChainProxy        : Invoking SecurityContextHolderAwareRequestFilter (15/18)
2023-04-17T13:53:49.920+09:00 TRACE 3252 --- [    Test worker] o.s.security.web.FilterChainProxy        : Invoking AnonymousAuthenticationFilter (16/18)
2023-04-17T13:53:49.920+09:00 TRACE 3252 --- [    Test worker] o.s.security.web.FilterChainProxy        : Invoking ExceptionTranslationFilter (17/18)
2023-04-17T13:53:49.920+09:00 TRACE 3252 --- [    Test worker] o.s.security.web.FilterChainProxy        : Invoking AuthorizationFilter (18/18)
2023-04-17T13:53:49.921+09:00 TRACE 3252 --- [    Test worker] estMatcherDelegatingAuthorizationManager : Authorizing SecurityContextHolderAwareRequestWrapper[ org.springframework.security.web.header.HeaderWriterFilter$HeaderWriterRequest@2d398cfb]
2023-04-17T13:53:49.921+09:00 TRACE 3252 --- [    Test worker] estMatcherDelegatingAuthorizationManager : Checking authorization on SecurityContextHolderAwareRequestWrapper[ org.springframework.security.web.header.HeaderWriterFilter$HeaderWriterRequest@2d398cfb] using org.springframework.security.authorization.AuthenticatedAuthorizationManager@23307c6c
2023-04-17T13:53:49.921+09:00 TRACE 3252 --- [    Test worker] w.c.HttpSessionSecurityContextRepository : No HttpSession currently exists
2023-04-17T13:53:49.921+09:00 TRACE 3252 --- [    Test worker] .s.s.w.c.SupplierDeferredSecurityContext : Created SecurityContextImpl [Null authentication]
2023-04-17T13:53:49.921+09:00 TRACE 3252 --- [    Test worker] .s.s.w.c.SupplierDeferredSecurityContext : Created SecurityContextImpl [Null authentication]
2023-04-17T13:53:49.922+09:00 TRACE 3252 --- [    Test worker] o.s.s.w.a.AnonymousAuthenticationFilter  : Set SecurityContextHolder to AnonymousAuthenticationToken [Principal=anonymousUser, Credentials=[PROTECTED], Authenticated=true, Details=WebAuthenticationDetails [RemoteIpAddress=127.0.0.1, SessionId=null], Granted Authorities=[ROLE_ANONYMOUS]]
2023-04-17T13:53:49.924+09:00 TRACE 3252 --- [    Test worker] o.s.s.w.a.ExceptionTranslationFilter     : Sending AnonymousAuthenticationToken [Principal=anonymousUser, Credentials=[PROTECTED], Authenticated=true, Details=WebAuthenticationDetails [RemoteIpAddress=127.0.0.1, SessionId=null], Granted Authorities=[ROLE_ANONYMOUS]] to authentication entry point since access is denied

org.springframework.security.access.AccessDeniedException: Access Denied
	at org.springframework.security.web.access.intercept.AuthorizationFilter.doFilter(AuthorizationFilter.java:98) ~[spring-security-web-6.0.0-SNAPSHOT.jar:6.0.0-SNAPSHOT]
	at org.springframework.security.web.FilterChainProxy$VirtualFilterChain.doFilter(FilterChainProxy.java:374) ~[spring-security-web-6.0.0-SNAPSHOT.jar:6.0.0-SNAPSHOT]
	at org.springframework.security.web.access.ExceptionTranslationFilter.doFilter(ExceptionTranslationFilter.java:126) ~[spring-security-web-6.0.0-SNAPSHOT.jar:6.0.0-SNAPSHOT]
	at org.springframework.security.web.access.ExceptionTranslationFilter.doFilter(ExceptionTranslationFilter.java:120) ~[spring-security-web-6.0.0-SNAPSHOT.jar:6.0.0-SNAPSHOT]
	at org.springframework.security.web.FilterChainProxy$VirtualFilterChain.doFilter(FilterChainProxy.java:374) ~[spring-security-web-6.0.0-SNAPSHOT.jar:6.0.0-SNAPSHOT]
	at org.springframework.security.web.authentication.AnonymousAuthenticationFilter.doFilter(AnonymousAuthenticationFilter.java:100) ~[spring-security-web-6.0.0-SNAPSHOT.jar:6.0.0-SNAPSHOT]
	at org.springframework.security.web.FilterChainProxy$VirtualFilterChain.doFilter(FilterChainProxy.java:374) ~[spring-security-web-6.0.0-SNAPSHOT.jar:6.0.0-SNAPSHOT]
	at org.springframework.security.web.servletapi.SecurityContextHolderAwareRequestFilter.doFilter(SecurityContextHolderAwareRequestFilter.java:179) ~[spring-security-web-6.0.0-SNAPSHOT.jar:6.0.0-SNAPSHOT]
	at org.springframework.security.web.FilterChainProxy$VirtualFilterChain.doFilter(FilterChainProxy.java:374) ~[spring-security-web-6.0.0-SNAPSHOT.jar:6.0.0-SNAPSHOT]
	at org.springframework.security.web.savedrequest.RequestCacheAwareFilter.doFilter(RequestCacheAwareFilter.java:63) ~[spring-security-web-6.0.0-SNAPSHOT.jar:6.0.0-SNAPSHOT]
	at org.springframework.security.web.FilterChainProxy$VirtualFilterChain.doFilter(FilterChainProxy.java:374) ~[spring-security-web-6.0.0-SNAPSHOT.jar:6.0.0-SNAPSHOT]
	at org.springframework.security.web.authentication.ui.DefaultLogoutPageGeneratingFilter.doFilterInternal(DefaultLogoutPageGeneratingFilter.java:58) ~[spring-security-web-6.0.0-SNAPSHOT.jar:6.0.0-SNAPSHOT]
	at org.springframework.web.filter.OncePerRequestFilter.doFilter(OncePerRequestFilter.java:116) ~[spring-web-6.0.2.jar:6.0.2]
	at org.springframework.security.web.FilterChainProxy$VirtualFilterChain.doFilter(FilterChainProxy.java:374) ~[spring-security-web-6.0.0-SNAPSHOT.jar:6.0.0-SNAPSHOT]
	at org.springframework.security.web.authentication.ui.DefaultLoginPageGeneratingFilter.doFilter(DefaultLoginPageGeneratingFilter.java:188) ~[spring-security-web-6.0.0-SNAPSHOT.jar:6.0.0-SNAPSHOT]
	at org.springframework.security.web.authentication.ui.DefaultLoginPageGeneratingFilter.doFilter(DefaultLoginPageGeneratingFilter.java:174) ~[spring-security-web-6.0.0-SNAPSHOT.jar:6.0.0-SNAPSHOT]
	at org.springframework.security.web.FilterChainProxy$VirtualFilterChain.doFilter(FilterChainProxy.java:374) ~[spring-security-web-6.0.0-SNAPSHOT.jar:6.0.0-SNAPSHOT]
	at org.springframework.security.web.authentication.AbstractAuthenticationProcessingFilter.doFilter(AbstractAuthenticationProcessingFilter.java:227) ~[spring-security-web-6.0.0-SNAPSHOT.jar:6.0.0-SNAPSHOT]
	at org.springframework.security.web.authentication.AbstractAuthenticationProcessingFilter.doFilter(AbstractAuthenticationProcessingFilter.java:221) ~[spring-security-web-6.0.0-SNAPSHOT.jar:6.0.0-SNAPSHOT]
	at org.springframework.security.web.FilterChainProxy$VirtualFilterChain.doFilter(FilterChainProxy.java:374) ~[spring-security-web-6.0.0-SNAPSHOT.jar:6.0.0-SNAPSHOT]
	at org.springframework.security.saml2.provider.service.web.Saml2WebSsoAuthenticationRequestFilter.doFilterInternal(Saml2WebSsoAuthenticationRequestFilter.java:100) ~[spring-security-saml2-service-provider-6.0.0-SNAPSHOT.jar:6.0.0-SNAPSHOT]
	at org.springframework.web.filter.OncePerRequestFilter.doFilter(OncePerRequestFilter.java:116) ~[spring-web-6.0.2.jar:6.0.2]
	at org.springframework.security.web.FilterChainProxy$VirtualFilterChain.doFilter(FilterChainProxy.java:374) ~[spring-security-web-6.0.0-SNAPSHOT.jar:6.0.0-SNAPSHOT]
	at org.springframework.security.web.authentication.logout.LogoutFilter.doFilter(LogoutFilter.java:107) ~[spring-security-web-6.0.0-SNAPSHOT.jar:6.0.0-SNAPSHOT]
	at org.springframework.security.web.authentication.logout.LogoutFilter.doFilter(LogoutFilter.java:93) ~[spring-security-web-6.0.0-SNAPSHOT.jar:6.0.0-SNAPSHOT]
	at org.springframework.security.web.FilterChainProxy$VirtualFilterChain.doFilter(FilterChainProxy.java:374) ~[spring-security-web-6.0.0-SNAPSHOT.jar:6.0.0-SNAPSHOT]
	at org.springframework.security.web.authentication.logout.LogoutFilter.doFilter(LogoutFilter.java:107) ~[spring-security-web-6.0.0-SNAPSHOT.jar:6.0.0-SNAPSHOT]
	at org.springframework.security.web.authentication.logout.LogoutFilter.doFilter(LogoutFilter.java:93) ~[spring-security-web-6.0.0-SNAPSHOT.jar:6.0.0-SNAPSHOT]
	at org.springframework.security.web.FilterChainProxy$VirtualFilterChain.doFilter(FilterChainProxy.java:374) ~[spring-security-web-6.0.0-SNAPSHOT.jar:6.0.0-SNAPSHOT]
	at org.springframework.security.web.csrf.CsrfFilter.doFilterInternal(CsrfFilter.java:116) ~[spring-security-web-6.0.0-SNAPSHOT.jar:6.0.0-SNAPSHOT]
	at org.springframework.web.filter.OncePerRequestFilter.doFilter(OncePerRequestFilter.java:116) ~[spring-web-6.0.2.jar:6.0.2]
	at org.springframework.security.web.FilterChainProxy$VirtualFilterChain.doFilter(FilterChainProxy.java:374) ~[spring-security-web-6.0.0-SNAPSHOT.jar:6.0.0-SNAPSHOT]
	at org.springframework.security.saml2.provider.service.web.authentication.logout.Saml2LogoutResponseFilter.doFilterInternal(Saml2LogoutResponseFilter.java:97) ~[spring-security-saml2-service-provider-6.0.0-SNAPSHOT.jar:6.0.0-SNAPSHOT]
	at org.springframework.web.filter.OncePerRequestFilter.doFilter(OncePerRequestFilter.java:116) ~[spring-web-6.0.2.jar:6.0.2]
	at org.springframework.security.web.FilterChainProxy$VirtualFilterChain.doFilter(FilterChainProxy.java:374) ~[spring-security-web-6.0.0-SNAPSHOT.jar:6.0.0-SNAPSHOT]
	at org.springframework.security.saml2.provider.service.web.authentication.logout.Saml2LogoutRequestFilter.doFilterInternal(Saml2LogoutRequestFilter.java:105) ~[spring-security-saml2-service-provider-6.0.0-SNAPSHOT.jar:6.0.0-SNAPSHOT]
	at org.springframework.web.filter.OncePerRequestFilter.doFilter(OncePerRequestFilter.java:116) ~[spring-web-6.0.2.jar:6.0.2]
	at org.springframework.security.web.FilterChainProxy$VirtualFilterChain.doFilter(FilterChainProxy.java:374) ~[spring-security-web-6.0.0-SNAPSHOT.jar:6.0.0-SNAPSHOT]
	at org.springframework.security.web.header.HeaderWriterFilter.doHeadersAfter(HeaderWriterFilter.java:90) ~[spring-security-web-6.0.0-SNAPSHOT.jar:6.0.0-SNAPSHOT]
	at org.springframework.security.web.header.HeaderWriterFilter.doFilterInternal(HeaderWriterFilter.java:75) ~[spring-security-web-6.0.0-SNAPSHOT.jar:6.0.0-SNAPSHOT]
	at org.springframework.web.filter.OncePerRequestFilter.doFilter(OncePerRequestFilter.java:116) ~[spring-web-6.0.2.jar:6.0.2]
	at org.springframework.security.web.FilterChainProxy$VirtualFilterChain.doFilter(FilterChainProxy.java:374) ~[spring-security-web-6.0.0-SNAPSHOT.jar:6.0.0-SNAPSHOT]
	at org.springframework.security.web.context.SecurityContextHolderFilter.doFilterInternal(SecurityContextHolderFilter.java:69) ~[spring-security-web-6.0.0-SNAPSHOT.jar:6.0.0-SNAPSHOT]
	at org.springframework.web.filter.OncePerRequestFilter.doFilter(OncePerRequestFilter.java:116) ~[spring-web-6.0.2.jar:6.0.2]
	at org.springframework.security.web.FilterChainProxy$VirtualFilterChain.doFilter(FilterChainProxy.java:374) ~[spring-security-web-6.0.0-SNAPSHOT.jar:6.0.0-SNAPSHOT]
	at org.springframework.security.web.context.request.async.WebAsyncManagerIntegrationFilter.doFilterInternal(WebAsyncManagerIntegrationFilter.java:62) ~[spring-security-web-6.0.0-SNAPSHOT.jar:6.0.0-SNAPSHOT]
	at org.springframework.web.filter.OncePerRequestFilter.doFilter(OncePerRequestFilter.java:116) ~[spring-web-6.0.2.jar:6.0.2]
	at org.springframework.security.web.FilterChainProxy$VirtualFilterChain.doFilter(FilterChainProxy.java:374) ~[spring-security-web-6.0.0-SNAPSHOT.jar:6.0.0-SNAPSHOT]
	at org.springframework.security.web.session.DisableEncodeUrlFilter.doFilterInternal(DisableEncodeUrlFilter.java:42) ~[spring-security-web-6.0.0-SNAPSHOT.jar:6.0.0-SNAPSHOT]
	at org.springframework.web.filter.OncePerRequestFilter.doFilter(OncePerRequestFilter.java:116) ~[spring-web-6.0.2.jar:6.0.2]
	at org.springframework.security.web.FilterChainProxy$VirtualFilterChain.doFilter(FilterChainProxy.java:374) ~[spring-security-web-6.0.0-SNAPSHOT.jar:6.0.0-SNAPSHOT]
	at org.springframework.security.web.FilterChainProxy.doFilterInternal(FilterChainProxy.java:233) ~[spring-security-web-6.0.0-SNAPSHOT.jar:6.0.0-SNAPSHOT]
	at org.springframework.security.web.FilterChainProxy.doFilter(FilterChainProxy.java:191) ~[spring-security-web-6.0.0-SNAPSHOT.jar:6.0.0-SNAPSHOT]
	at org.springframework.web.filter.DelegatingFilterProxy.invokeDelegate(DelegatingFilterProxy.java:351) ~[spring-web-6.0.2.jar:6.0.2]
	at org.springframework.web.filter.DelegatingFilterProxy.doFilter(DelegatingFilterProxy.java:267) ~[spring-web-6.0.2.jar:6.0.2]
	at org.springframework.mock.web.MockFilterChain.doFilter(MockFilterChain.java:132) ~[spring-test-6.0.2.jar:6.0.2]
	at org.springframework.security.saml2.provider.service.web.Saml2MetadataFilter.doFilterInternal(Saml2MetadataFilter.java:70) ~[spring-security-saml2-service-provider-6.0.0-SNAPSHOT.jar:6.0.0-SNAPSHOT]
	at org.springframework.web.filter.OncePerRequestFilter.doFilter(OncePerRequestFilter.java:116) ~[spring-web-6.0.2.jar:6.0.2]
	at org.springframework.mock.web.MockFilterChain.doFilter(MockFilterChain.java:132) ~[spring-test-6.0.2.jar:6.0.2]
	at org.springframework.web.filter.RequestContextFilter.doFilterInternal(RequestContextFilter.java:100) ~[spring-web-6.0.2.jar:6.0.2]
	at org.springframework.web.filter.OncePerRequestFilter.doFilter(OncePerRequestFilter.java:116) ~[spring-web-6.0.2.jar:6.0.2]
	at org.springframework.mock.web.MockFilterChain.doFilter(MockFilterChain.java:132) ~[spring-test-6.0.2.jar:6.0.2]
	at org.springframework.web.filter.FormContentFilter.doFilterInternal(FormContentFilter.java:93) ~[spring-web-6.0.2.jar:6.0.2]
	at org.springframework.web.filter.OncePerRequestFilter.doFilter(OncePerRequestFilter.java:116) ~[spring-web-6.0.2.jar:6.0.2]
	at org.springframework.mock.web.MockFilterChain.doFilter(MockFilterChain.java:132) ~[spring-test-6.0.2.jar:6.0.2]
	at org.springframework.web.filter.CharacterEncodingFilter.doFilterInternal(CharacterEncodingFilter.java:201) ~[spring-web-6.0.2.jar:6.0.2]
	at org.springframework.web.filter.OncePerRequestFilter.doFilter(OncePerRequestFilter.java:116) ~[spring-web-6.0.2.jar:6.0.2]
	at org.springframework.mock.web.MockFilterChain.doFilter(MockFilterChain.java:132) ~[spring-test-6.0.2.jar:6.0.2]
	at org.springframework.test.web.servlet.MockMvc.perform(MockMvc.java:201) ~[spring-test-6.0.2.jar:6.0.2]
	at org.springframework.test.web.servlet.htmlunit.MockMvcWebConnection.getResponse(MockMvcWebConnection.java:149) ~[spring-test-6.0.2.jar:6.0.2]
	at org.springframework.test.web.servlet.htmlunit.MockMvcWebConnection.getResponse(MockMvcWebConnection.java:134) ~[spring-test-6.0.2.jar:6.0.2]
	at org.springframework.test.web.servlet.htmlunit.DelegatingWebConnection.getResponse(DelegatingWebConnection.java:79) ~[spring-test-6.0.2.jar:6.0.2]
	at com.gargoylesoftware.htmlunit.WebClient.loadWebResponseFromWebConnection(WebClient.java:1588) ~[htmlunit-2.70.0.jar:2.70.0]
	at com.gargoylesoftware.htmlunit.WebClient.loadWebResponse(WebClient.java:1510) ~[htmlunit-2.70.0.jar:2.70.0]
	at com.gargoylesoftware.htmlunit.WebClient.getPage(WebClient.java:481) ~[htmlunit-2.70.0.jar:2.70.0]
	at com.gargoylesoftware.htmlunit.WebClient.getPage(WebClient.java:396) ~[htmlunit-2.70.0.jar:2.70.0]
	at com.gargoylesoftware.htmlunit.WebClient.getPage(WebClient.java:534) ~[htmlunit-2.70.0.jar:2.70.0]
	at com.gargoylesoftware.htmlunit.WebClient.getPage(WebClient.java:516) ~[htmlunit-2.70.0.jar:2.70.0]
	at org.springframework.boot.test.web.htmlunit.LocalHostWebClient.getPage(LocalHostWebClient.java:50) ~[spring-boot-test-3.0.0.jar:3.0.0]
	at example.Saml2LoginApplicationITests.performLogin(Saml2LoginApplicationITests.java:85) ~[integTest/:na]
	at example.Saml2LoginApplicationITests.logoutWhenRelyingPartyInitiatedLogoutThenLoginPageWithLogoutParam(Saml2LoginApplicationITests.java:64) ~[integTest/:na]
	at java.base/jdk.internal.reflect.NativeMethodAccessorImpl.invoke0(Native Method) ~[na:na]
	at java.base/jdk.internal.reflect.NativeMethodAccessorImpl.invoke(NativeMethodAccessorImpl.java:77) ~[na:na]
	at java.base/jdk.internal.reflect.DelegatingMethodAccessorImpl.invoke(DelegatingMethodAccessorImpl.java:43) ~[na:na]
	at java.base/java.lang.reflect.Method.invoke(Method.java:568) ~[na:na]
	at org.junit.platform.commons.util.ReflectionUtils.invokeMethod(ReflectionUtils.java:727) ~[junit-platform-commons-1.9.1.jar:1.9.1]
	at org.junit.jupiter.engine.execution.MethodInvocation.proceed(MethodInvocation.java:60) ~[junit-jupiter-engine-5.9.1.jar:5.9.1]
	at org.junit.jupiter.engine.execution.InvocationInterceptorChain$ValidatingInvocation.proceed(InvocationInterceptorChain.java:131) ~[junit-jupiter-engine-5.9.1.jar:5.9.1]
	at org.junit.jupiter.engine.extension.TimeoutExtension.intercept(TimeoutExtension.java:156) ~[junit-jupiter-engine-5.9.1.jar:5.9.1]
	at org.junit.jupiter.engine.extension.TimeoutExtension.interceptTestableMethod(TimeoutExtension.java:147) ~[junit-jupiter-engine-5.9.1.jar:5.9.1]
	at org.junit.jupiter.engine.extension.TimeoutExtension.interceptTestMethod(TimeoutExtension.java:86) ~[junit-jupiter-engine-5.9.1.jar:5.9.1]
	at org.junit.jupiter.engine.execution.InterceptingExecutableInvoker$ReflectiveInterceptorCall.lambda$ofVoidMethod$0(InterceptingExecutableInvoker.java:103) ~[junit-jupiter-engine-5.9.1.jar:5.9.1]
	at org.junit.jupiter.engine.execution.InterceptingExecutableInvoker.lambda$invoke$0(InterceptingExecutableInvoker.java:93) ~[junit-jupiter-engine-5.9.1.jar:5.9.1]
	at org.junit.jupiter.engine.execution.InvocationInterceptorChain$InterceptedInvocation.proceed(InvocationInterceptorChain.java:106) ~[junit-jupiter-engine-5.9.1.jar:5.9.1]
	at org.junit.jupiter.engine.execution.InvocationInterceptorChain.proceed(InvocationInterceptorChain.java:64) ~[junit-jupiter-engine-5.9.1.jar:5.9.1]
	at org.junit.jupiter.engine.execution.InvocationInterceptorChain.chainAndInvoke(InvocationInterceptorChain.java:45) ~[junit-jupiter-engine-5.9.1.jar:5.9.1]
	at org.junit.jupiter.engine.execution.InvocationInterceptorChain.invoke(InvocationInterceptorChain.java:37) ~[junit-jupiter-engine-5.9.1.jar:5.9.1]
	at org.junit.jupiter.engine.execution.InterceptingExecutableInvoker.invoke(InterceptingExecutableInvoker.java:92) ~[junit-jupiter-engine-5.9.1.jar:5.9.1]
	at org.junit.jupiter.engine.execution.InterceptingExecutableInvoker.invoke(InterceptingExecutableInvoker.java:86) ~[junit-jupiter-engine-5.9.1.jar:5.9.1]
	at org.junit.jupiter.engine.descriptor.TestMethodTestDescriptor.lambda$invokeTestMethod$7(TestMethodTestDescriptor.java:217) ~[junit-jupiter-engine-5.9.1.jar:5.9.1]
	at org.junit.platform.engine.support.hierarchical.ThrowableCollector.execute(ThrowableCollector.java:73) ~[junit-platform-engine-1.9.1.jar:1.9.1]
	at org.junit.jupiter.engine.descriptor.TestMethodTestDescriptor.invokeTestMethod(TestMethodTestDescriptor.java:213) ~[junit-jupiter-engine-5.9.1.jar:5.9.1]
	at org.junit.jupiter.engine.descriptor.TestMethodTestDescriptor.execute(TestMethodTestDescriptor.java:138) ~[junit-jupiter-engine-5.9.1.jar:5.9.1]
	at org.junit.jupiter.engine.descriptor.TestMethodTestDescriptor.execute(TestMethodTestDescriptor.java:68) ~[junit-jupiter-engine-5.9.1.jar:5.9.1]
	at org.junit.platform.engine.support.hierarchical.NodeTestTask.lambda$executeRecursively$6(NodeTestTask.java:151) ~[junit-platform-engine-1.9.1.jar:1.9.1]
	at org.junit.platform.engine.support.hierarchical.ThrowableCollector.execute(ThrowableCollector.java:73) ~[junit-platform-engine-1.9.1.jar:1.9.1]
	at org.junit.platform.engine.support.hierarchical.NodeTestTask.lambda$executeRecursively$8(NodeTestTask.java:141) ~[junit-platform-engine-1.9.1.jar:1.9.1]
	at org.junit.platform.engine.support.hierarchical.Node.around(Node.java:137) ~[junit-platform-engine-1.9.1.jar:1.9.1]
	at org.junit.platform.engine.support.hierarchical.NodeTestTask.lambda$executeRecursively$9(NodeTestTask.java:139) ~[junit-platform-engine-1.9.1.jar:1.9.1]
	at org.junit.platform.engine.support.hierarchical.ThrowableCollector.execute(ThrowableCollector.java:73) ~[junit-platform-engine-1.9.1.jar:1.9.1]
	at org.junit.platform.engine.support.hierarchical.NodeTestTask.executeRecursively(NodeTestTask.java:138) ~[junit-platform-engine-1.9.1.jar:1.9.1]
	at org.junit.platform.engine.support.hierarchical.NodeTestTask.execute(NodeTestTask.java:95) ~[junit-platform-engine-1.9.1.jar:1.9.1]
	at java.base/java.util.ArrayList.forEach(ArrayList.java:1511) ~[na:na]
	at org.junit.platform.engine.support.hierarchical.SameThreadHierarchicalTestExecutorService.invokeAll(SameThreadHierarchicalTestExecutorService.java:41) ~[junit-platform-engine-1.9.1.jar:1.9.1]
	at org.junit.platform.engine.support.hierarchical.NodeTestTask.lambda$executeRecursively$6(NodeTestTask.java:155) ~[junit-platform-engine-1.9.1.jar:1.9.1]
	at org.junit.platform.engine.support.hierarchical.ThrowableCollector.execute(ThrowableCollector.java:73) ~[junit-platform-engine-1.9.1.jar:1.9.1]
	at org.junit.platform.engine.support.hierarchical.NodeTestTask.lambda$executeRecursively$8(NodeTestTask.java:141) ~[junit-platform-engine-1.9.1.jar:1.9.1]
	at org.junit.platform.engine.support.hierarchical.Node.around(Node.java:137) ~[junit-platform-engine-1.9.1.jar:1.9.1]
	at org.junit.platform.engine.support.hierarchical.NodeTestTask.lambda$executeRecursively$9(NodeTestTask.java:139) ~[junit-platform-engine-1.9.1.jar:1.9.1]
	at org.junit.platform.engine.support.hierarchical.ThrowableCollector.execute(ThrowableCollector.java:73) ~[junit-platform-engine-1.9.1.jar:1.9.1]
	at org.junit.platform.engine.support.hierarchical.NodeTestTask.executeRecursively(NodeTestTask.java:138) ~[junit-platform-engine-1.9.1.jar:1.9.1]
	at org.junit.platform.engine.support.hierarchical.NodeTestTask.execute(NodeTestTask.java:95) ~[junit-platform-engine-1.9.1.jar:1.9.1]
	at java.base/java.util.ArrayList.forEach(ArrayList.java:1511) ~[na:na]
	at org.junit.platform.engine.support.hierarchical.SameThreadHierarchicalTestExecutorService.invokeAll(SameThreadHierarchicalTestExecutorService.java:41) ~[junit-platform-engine-1.9.1.jar:1.9.1]
	at org.junit.platform.engine.support.hierarchical.NodeTestTask.lambda$executeRecursively$6(NodeTestTask.java:155) ~[junit-platform-engine-1.9.1.jar:1.9.1]
	at org.junit.platform.engine.support.hierarchical.ThrowableCollector.execute(ThrowableCollector.java:73) ~[junit-platform-engine-1.9.1.jar:1.9.1]
	at org.junit.platform.engine.support.hierarchical.NodeTestTask.lambda$executeRecursively$8(NodeTestTask.java:141) ~[junit-platform-engine-1.9.1.jar:1.9.1]
	at org.junit.platform.engine.support.hierarchical.Node.around(Node.java:137) ~[junit-platform-engine-1.9.1.jar:1.9.1]
	at org.junit.platform.engine.support.hierarchical.NodeTestTask.lambda$executeRecursively$9(NodeTestTask.java:139) ~[junit-platform-engine-1.9.1.jar:1.9.1]
	at org.junit.platform.engine.support.hierarchical.ThrowableCollector.execute(ThrowableCollector.java:73) ~[junit-platform-engine-1.9.1.jar:1.9.1]
	at org.junit.platform.engine.support.hierarchical.NodeTestTask.executeRecursively(NodeTestTask.java:138) ~[junit-platform-engine-1.9.1.jar:1.9.1]
	at org.junit.platform.engine.support.hierarchical.NodeTestTask.execute(NodeTestTask.java:95) ~[junit-platform-engine-1.9.1.jar:1.9.1]
	at org.junit.platform.engine.support.hierarchical.SameThreadHierarchicalTestExecutorService.submit(SameThreadHierarchicalTestExecutorService.java:35) ~[junit-platform-engine-1.9.1.jar:1.9.1]
	at org.junit.platform.engine.support.hierarchical.HierarchicalTestExecutor.execute(HierarchicalTestExecutor.java:57) ~[junit-platform-engine-1.9.1.jar:1.9.1]
	at org.junit.platform.engine.support.hierarchical.HierarchicalTestEngine.execute(HierarchicalTestEngine.java:54) ~[junit-platform-engine-1.9.1.jar:1.9.1]
	at org.junit.platform.launcher.core.EngineExecutionOrchestrator.execute(EngineExecutionOrchestrator.java:107) ~[na:na]
	at org.junit.platform.launcher.core.EngineExecutionOrchestrator.execute(EngineExecutionOrchestrator.java:88) ~[na:na]
	at org.junit.platform.launcher.core.EngineExecutionOrchestrator.lambda$execute$0(EngineExecutionOrchestrator.java:54) ~[na:na]
	at org.junit.platform.launcher.core.EngineExecutionOrchestrator.withInterceptedStreams(EngineExecutionOrchestrator.java:67) ~[na:na]
	at org.junit.platform.launcher.core.EngineExecutionOrchestrator.execute(EngineExecutionOrchestrator.java:52) ~[na:na]
	at org.junit.platform.launcher.core.DefaultLauncher.execute(DefaultLauncher.java:114) ~[na:na]
	at org.junit.platform.launcher.core.DefaultLauncher.execute(DefaultLauncher.java:86) ~[na:na]
	at org.junit.platform.launcher.core.DefaultLauncherSession$DelegatingLauncher.execute(DefaultLauncherSession.java:86) ~[na:na]
	at org.junit.platform.launcher.core.SessionPerRequestLauncher.execute(SessionPerRequestLauncher.java:53) ~[na:na]
	at org.gradle.api.internal.tasks.testing.junitplatform.JUnitPlatformTestClassProcessor$CollectAllTestClassesExecutor.processAllTestClasses(JUnitPlatformTestClassProcessor.java:99) ~[na:na]
	at org.gradle.api.internal.tasks.testing.junitplatform.JUnitPlatformTestClassProcessor$CollectAllTestClassesExecutor.access$000(JUnitPlatformTestClassProcessor.java:79) ~[na:na]
	at org.gradle.api.internal.tasks.testing.junitplatform.JUnitPlatformTestClassProcessor.stop(JUnitPlatformTestClassProcessor.java:75) ~[na:na]
	at org.gradle.api.internal.tasks.testing.SuiteTestClassProcessor.stop(SuiteTestClassProcessor.java:61) ~[na:na]
	at java.base/jdk.internal.reflect.NativeMethodAccessorImpl.invoke0(Native Method) ~[na:na]
	at java.base/jdk.internal.reflect.NativeMethodAccessorImpl.invoke(NativeMethodAccessorImpl.java:77) ~[na:na]
	at java.base/jdk.internal.reflect.DelegatingMethodAccessorImpl.invoke(DelegatingMethodAccessorImpl.java:43) ~[na:na]
	at java.base/java.lang.reflect.Method.invoke(Method.java:568) ~[na:na]
	at org.gradle.internal.dispatch.ReflectionDispatch.dispatch(ReflectionDispatch.java:36) ~[na:na]
	at org.gradle.internal.dispatch.ReflectionDispatch.dispatch(ReflectionDispatch.java:24) ~[na:na]
	at org.gradle.internal.dispatch.ContextClassLoaderDispatch.dispatch(ContextClassLoaderDispatch.java:33) ~[na:na]
	at org.gradle.internal.dispatch.ProxyDispatchAdapter$DispatchingInvocationHandler.invoke(ProxyDispatchAdapter.java:94) ~[na:na]
	at jdk.proxy1/jdk.proxy1.$Proxy2.stop(Unknown Source) ~[na:na]
	at org.gradle.api.internal.tasks.testing.worker.TestWorker$3.run(TestWorker.java:193) ~[na:na]
	at org.gradle.api.internal.tasks.testing.worker.TestWorker.executeAndMaintainThreadName(TestWorker.java:129) ~[na:na]
	at org.gradle.api.internal.tasks.testing.worker.TestWorker.execute(TestWorker.java:100) ~[na:na]
	at org.gradle.api.internal.tasks.testing.worker.TestWorker.execute(TestWorker.java:60) ~[na:na]
	at org.gradle.process.internal.worker.child.ActionExecutionWorker.execute(ActionExecutionWorker.java:56) ~[na:na]
	at org.gradle.process.internal.worker.child.SystemApplicationClassLoaderWorker.call(SystemApplicationClassLoaderWorker.java:133) ~[na:na]
	at org.gradle.process.internal.worker.child.SystemApplicationClassLoaderWorker.call(SystemApplicationClassLoaderWorker.java:71) ~[na:na]
	at worker.org.gradle.process.internal.worker.GradleWorkerMain.run(GradleWorkerMain.java:69) ~[gradle-worker.jar:na]
	at worker.org.gradle.process.internal.worker.GradleWorkerMain.main(GradleWorkerMain.java:74) ~[gradle-worker.jar:na]

2023-04-17T13:53:49.958+09:00 DEBUG 3252 --- [    Test worker] o.s.s.w.s.HttpSessionRequestCache        : Saved request http://localhost:8080/?continue to session
2023-04-17T13:53:49.965+09:00 DEBUG 3252 --- [    Test worker] s.w.a.DelegatingAuthenticationEntryPoint : Trying to match using And [Not [RequestHeaderRequestMatcher [expectedHeaderName=X-Requested-With, expectedHeaderValue=XMLHttpRequest]], Not [And [Or [Ant [pattern='/login'], Ant [pattern='/favicon.ico']], And [Not [RequestHeaderRequestMatcher [expectedHeaderName=X-Requested-With, expectedHeaderValue=XMLHttpRequest]], MediaTypeRequestMatcher [contentNegotiationStrategy=org.springframework.web.accept.ContentNegotiationManager@3857c5d5, matchingMediaTypes=[application/xhtml+xml, image/*, text/html, text/plain], useEquals=false, ignoredMediaTypes=[*/*]]]]]]
2023-04-17T13:53:49.966+09:00 DEBUG 3252 --- [    Test worker] s.w.a.DelegatingAuthenticationEntryPoint : Match found! Executing org.springframework.security.web.authentication.LoginUrlAuthenticationEntryPoint@237824b0
2023-04-17T13:53:49.968+09:00 DEBUG 3252 --- [    Test worker] o.s.s.web.DefaultRedirectStrategy        : Redirecting to http://localhost:8080/saml2/authenticate/two
2023-04-17T13:53:49.970+09:00 TRACE 3252 --- [    Test worker] o.s.s.w.header.writers.HstsHeaderWriter  : Not injecting HSTS header since it did not match request to [Is Secure]
2023-04-17T13:53:49.998+09:00 TRACE 3252 --- [    Test worker] o.s.security.web.FilterChainProxy        : Trying to match request against DefaultSecurityFilterChain [RequestMatcher=any request, Filters=[org.springframework.security.web.session.DisableEncodeUrlFilter@10408ea, org.springframework.security.web.context.request.async.WebAsyncManagerIntegrationFilter@3d7b3b18, org.springframework.security.web.context.SecurityContextHolderFilter@26f480c6, org.springframework.security.web.header.HeaderWriterFilter@12723c5d, org.springframework.security.saml2.provider.service.web.authentication.logout.Saml2LogoutRequestFilter@b144175, org.springframework.security.saml2.provider.service.web.authentication.logout.Saml2LogoutResponseFilter@67784537, org.springframework.security.web.csrf.CsrfFilter@4d4c4b14, org.springframework.security.web.authentication.logout.LogoutFilter@2bc2e022, org.springframework.security.web.authentication.logout.LogoutFilter@72237be8, org.springframework.security.saml2.provider.service.web.Saml2WebSsoAuthenticationRequestFilter@54ca9420, org.springframework.security.saml2.provider.service.web.authentication.Saml2WebSsoAuthenticationFilter@1c05097c, org.springframework.security.web.authentication.ui.DefaultLoginPageGeneratingFilter@20914835, org.springframework.security.web.authentication.ui.DefaultLogoutPageGeneratingFilter@186dcb05, org.springframework.security.web.savedrequest.RequestCacheAwareFilter@7747cc1b, org.springframework.security.web.servletapi.SecurityContextHolderAwareRequestFilter@26a9c6df, org.springframework.security.web.authentication.AnonymousAuthenticationFilter@1d0dad12, org.springframework.security.web.access.ExceptionTranslationFilter@6b4fd7d, org.springframework.security.web.access.intercept.AuthorizationFilter@85cd413]] (1/1)
2023-04-17T13:53:49.998+09:00 DEBUG 3252 --- [    Test worker] o.s.security.web.FilterChainProxy        : Securing GET /saml2/authenticate/two
2023-04-17T13:53:49.998+09:00 TRACE 3252 --- [    Test worker] o.s.security.web.FilterChainProxy        : Invoking DisableEncodeUrlFilter (1/18)
2023-04-17T13:53:49.998+09:00 TRACE 3252 --- [    Test worker] o.s.security.web.FilterChainProxy        : Invoking WebAsyncManagerIntegrationFilter (2/18)
2023-04-17T13:53:49.998+09:00 TRACE 3252 --- [    Test worker] o.s.security.web.FilterChainProxy        : Invoking SecurityContextHolderFilter (3/18)
2023-04-17T13:53:49.998+09:00 TRACE 3252 --- [    Test worker] o.s.security.web.FilterChainProxy        : Invoking HeaderWriterFilter (4/18)
2023-04-17T13:53:49.998+09:00 TRACE 3252 --- [    Test worker] o.s.security.web.FilterChainProxy        : Invoking Saml2LogoutRequestFilter (5/18)
2023-04-17T13:53:49.998+09:00 TRACE 3252 --- [    Test worker] o.s.security.web.FilterChainProxy        : Invoking Saml2LogoutResponseFilter (6/18)
2023-04-17T13:53:49.998+09:00 TRACE 3252 --- [    Test worker] o.s.security.web.FilterChainProxy        : Invoking CsrfFilter (7/18)
2023-04-17T13:53:49.999+09:00 TRACE 3252 --- [    Test worker] o.s.security.web.csrf.CsrfFilter         : Did not protect against CSRF since request did not match And [CsrfNotRequired [TRACE, HEAD, GET, OPTIONS], Not [Or [Ant [pattern='/login/saml2/sso/{registrationId}']]]]
2023-04-17T13:53:49.999+09:00 TRACE 3252 --- [    Test worker] o.s.security.web.FilterChainProxy        : Invoking LogoutFilter (8/18)
2023-04-17T13:53:49.999+09:00 TRACE 3252 --- [    Test worker] o.s.s.w.a.logout.LogoutFilter            : Did not match request to And [Ant [pattern='/logout', POST], org.springframework.security.config.annotation.web.configurers.saml2.Saml2LogoutConfigurer$Saml2RequestMatcher@7e916dc2]
2023-04-17T13:53:49.999+09:00 TRACE 3252 --- [    Test worker] o.s.security.web.FilterChainProxy        : Invoking LogoutFilter (9/18)
2023-04-17T13:53:49.999+09:00 TRACE 3252 --- [    Test worker] o.s.s.w.a.logout.LogoutFilter            : Did not match request to Ant [pattern='/logout', POST]
2023-04-17T13:53:49.999+09:00 TRACE 3252 --- [    Test worker] o.s.security.web.FilterChainProxy        : Invoking Saml2WebSsoAuthenticationRequestFilter (10/18)
2023-04-17T13:53:50.016+09:00 TRACE 3252 --- [    Test worker] o.s.s.w.header.writers.HstsHeaderWriter  : Not injecting HSTS header since it did not match request to [Is Secure]
2023-04-17T13:53:53.549+09:00  WARN 3252 --- [    Test worker] c.g.htmlunit.IncorrectnessListenerImpl   : Obsolete content type encountered: 'application/x-javascript'.
2023-04-17T13:53:53.565+09:00  INFO 3252 --- [    Test worker] c.gargoylesoftware.htmlunit.WebConsole   : notifyapi LOADED.
2023-04-17T13:53:53.567+09:00  INFO 3252 --- [    Test worker] c.gargoylesoftware.htmlunit.WebConsole   : connecting to mothership...
2023-04-17T13:53:53.567+09:00  INFO 3252 --- [    Test worker] c.gargoylesoftware.htmlunit.WebConsole   : ==&gt; Current connections: 0
2023-04-17T13:53:53.569+09:00  INFO 3252 --- [    Test worker] c.gargoylesoftware.htmlunit.WebConsole   : Sent request

MockHttpServletRequest:
      HTTP Method = GET
      Request URI = /
       Parameters = {}
          Headers = [Content-Type:&quot;application/x-www-form-urlencoded;charset=UTF-8&quot;, sec-ch-ua:&quot;&quot;Not_A Brand&quot;;v=&quot;99&quot;, &quot;Google Chrome&quot;;v=&quot;109&quot;, &quot;Chromium&quot;;v=&quot;109&quot;&quot;, sec-ch-ua-mobile:&quot;?0&quot;, Accept:&quot;text/html,application/xhtml+xml,application/xml;q=0.9,image/avif,image/webp,image/apng,*/*;q=0.8,application/signed-exchange;v=b3;q=0.9&quot;, Upgrade-Insecure-Requests:&quot;1&quot;, sec-ch-ua-platform:&quot;&quot;Windows&quot;&quot;, Sec-Fetch-Dest:&quot;document&quot;, Sec-Fetch-Site:&quot;same-origin&quot;, Sec-Fetch-User:&quot;?1&quot;, Accept-Encoding:&quot;gzip, deflate, br&quot;, Accept-Language:&quot;en-US,en;q=0.9&quot;, Sec-Fetch-Mode:&quot;navigate&quot;]
             Body = null
    Session Attrs = {SPRING_SECURITY_SAVED_REQUEST=DefaultSavedRequest [http://localhost:8080/?continue]}

Handler:
             Type = null

Async:
    Async started = false
     Async result = null

Resolved Exception:
             Type = null

ModelAndView:
        View name = null
             View = null
            Model = null

FlashMap:
       Attributes = null

MockHttpServletResponse:
           Status = 302
    Error message = null
          Headers = [X-Content-Type-Options:&quot;nosniff&quot;, X-XSS-Protection:&quot;0&quot;, Cache-Control:&quot;no-cache, no-store, max-age=0, must-revalidate&quot;, Pragma:&quot;no-cache&quot;, Expires:&quot;0&quot;, X-Frame-Options:&quot;DENY&quot;, Location:&quot;http://localhost:8080/saml2/authenticate/two&quot;]
     Content type = null
             Body = 
    Forwarded URL = null
   Redirected URL = http://localhost:8080/saml2/authenticate/two
          Cookies = []

MockHttpServletRequest:
      HTTP Method = GET
      Request URI = /saml2/authenticate/two
       Parameters = {}
          Headers = [Content-Type:&quot;application/x-www-form-urlencoded;charset=UTF-8&quot;, Cookie:&quot;JSESSIONID=1&quot;, sec-ch-ua:&quot;&quot;Not_A Brand&quot;;v=&quot;99&quot;, &quot;Google Chrome&quot;;v=&quot;109&quot;, &quot;Chromium&quot;;v=&quot;109&quot;&quot;, sec-ch-ua-mobile:&quot;?0&quot;, Accept:&quot;text/html,application/xhtml+xml,application/xml;q=0.9,image/avif,image/webp,image/apng,*/*;q=0.8,application/signed-exchange;v=b3;q=0.9&quot;, Upgrade-Insecure-Requests:&quot;1&quot;, sec-ch-ua-platform:&quot;&quot;Windows&quot;&quot;, Sec-Fetch-Dest:&quot;document&quot;, Sec-Fetch-Site:&quot;same-origin&quot;, Sec-Fetch-User:&quot;?1&quot;, Accept-Encoding:&quot;gzip, deflate, br&quot;, Accept-Language:&quot;en-US,en;q=0.9&quot;, Sec-Fetch-Mode:&quot;navigate&quot;]
             Body = null
    Session Attrs = {org.springframework.security.saml2.provider.service.web.HttpSessionSaml2AuthenticationRequestRepository.SAML2_AUTHN_REQUEST=org.springframework.security.saml2.provider.service.authentication.Saml2PostAuthenticationRequest@3ca564aa, SPRING_SECURITY_SAVED_REQUEST=DefaultSavedRequest [http://localhost:8080/?continue]}

Handler:
             Type = null

Async:
    Async started = false
     Async result = null

Resolved Exception:
             Type = null

ModelAndView:
        View name = null
             View = null
            Model = null

FlashMap:
       Attributes = null

MockHttpServletResponse:
           Status = 200
    Error message = null
          Headers = [Content-Type:&quot;text/html&quot;, X-Content-Type-Options:&quot;nosniff&quot;, X-XSS-Protection:&quot;0&quot;, Cache-Control:&quot;no-cache, no-store, max-age=0, must-revalidate&quot;, Pragma:&quot;no-cache&quot;, Expires:&quot;0&quot;, X-Frame-Options:&quot;DENY&quot;]
     Content type = text/html
             Body = &lt;!DOCTYPE html&gt;
&lt;html&gt;
    &lt;head&gt;
        &lt;meta http-equiv=&quot;Content-Security-Policy&quot; content=&quot;script-src 'sha256-t+jmhLjs1ocvgaHBJsFcgznRk68d37TLtbI3NE9h7EU='&quot;&gt;
        &lt;meta charset=&quot;utf-8&quot; /&gt;
    &lt;/head&gt;
    &lt;body&gt;
        &lt;noscript&gt;
            &lt;p&gt;
                &lt;strong&gt;Note:&lt;/strong&gt; Since your browser does not support JavaScript,
                you must press the Continue button once to proceed.
            &lt;/p&gt;
        &lt;/noscript&gt;
        
        &lt;form action=&quot;https://dev-05937739.okta.com/app/dev-05937739_springsecuritysaml2idptwo_1/exk4842vmapcMkohr5d7/sso/saml&quot; method=&quot;post&quot;&gt;
            &lt;div&gt;
                &lt;input type=&quot;hidden&quot; name=&quot;SAMLRequest&quot; value=&quot;PD94bWwgdmVyc2lvbj0iMS4wIiBlbmNvZGluZz0iVVRGLTgiPz48c2FtbDJwOkF1dGhuUmVxdWVzdCB4bWxuczpzYW1sMnA9InVybjpvYXNpczpuYW1lczp0YzpTQU1MOjIuMDpwcm90b2NvbCIgQXNzZXJ0aW9uQ29uc3VtZXJTZXJ2aWNlVVJMPSJodHRwOi8vbG9jYWxob3N0OjgwODAvbG9naW4vc2FtbDIvc3NvL3R3byIgRGVzdGluYXRpb249Imh0dHBzOi8vZGV2LTA1OTM3NzM5Lm9rdGEuY29tL2FwcC9kZXYtMDU5Mzc3Mzlfc3ByaW5nc2VjdXJpdHlzYW1sMmlkcHR3b18xL2V4azQ4NDJ2bWFwY01rb2hyNWQ3L3Nzby9zYW1sIiBGb3JjZUF1dGhuPSJmYWxzZSIgSUQ9IkFSUTI3YzdhNjktM2QzYS00ODg1LTg3ZTUtMjNmNzcwNDZlZmM0IiBJc1Bhc3NpdmU9ImZhbHNlIiBJc3N1ZUluc3RhbnQ9IjIwMjMtMDQtMTdUMDQ6NTM6NTAuMDA0WiIgUHJvdG9jb2xCaW5kaW5nPSJ1cm46b2FzaXM6bmFtZXM6dGM6U0FNTDoyLjA6YmluZGluZ3M6SFRUUC1QT1NUIiBWZXJzaW9uPSIyLjAiPjxzYW1sMjpJc3N1ZXIgeG1sbnM6c2FtbDI9InVybjpvYXNpczpuYW1lczp0YzpTQU1MOjIuMDphc3NlcnRpb24iPmh0dHA6Ly9sb2NhbGhvc3Q6ODA4MC9zYW1sMi9zZXJ2aWNlLXByb3ZpZGVyLW1ldGFkYXRhL3R3bzwvc2FtbDI6SXNzdWVyPjwvc2FtbDJwOkF1dGhuUmVxdWVzdD4=&quot;/&gt;
                &lt;input type=&quot;hidden&quot; name=&quot;RelayState&quot; value=&quot;645c3624-73a4-44ea-a7a8-9bfe6bff4bc9&quot;/&gt;
            &lt;/div&gt;
            &lt;noscript&gt;
                &lt;div&gt;
                    &lt;input type=&quot;submit&quot; value=&quot;Continue&quot;/&gt;
                &lt;/div&gt;
            &lt;/noscript&gt;
        &lt;/form&gt;
        
    &lt;/body&gt;
    &lt;script&gt;window.onload = () =&gt; document.forms[0].submit();&lt;/script&gt;
&lt;/html&gt;
    Forwarded URL = null
   Redirected URL = null
          Cookies = []
2023-04-17T13:54:03.642+09:00 TRACE 3252 --- [    Test worker] o.s.security.web.FilterChainProxy        : Trying to match request against DefaultSecurityFilterChain [RequestMatcher=any request, Filters=[org.springframework.security.web.session.DisableEncodeUrlFilter@10408ea, org.springframework.security.web.context.request.async.WebAsyncManagerIntegrationFilter@3d7b3b18, org.springframework.security.web.context.SecurityContextHolderFilter@26f480c6, org.springframework.security.web.header.HeaderWriterFilter@12723c5d, org.springframework.security.saml2.provider.service.web.authentication.logout.Saml2LogoutRequestFilter@b144175, org.springframework.security.saml2.provider.service.web.authentication.logout.Saml2LogoutResponseFilter@67784537, org.springframework.security.web.csrf.CsrfFilter@4d4c4b14, org.springframework.security.web.authentication.logout.LogoutFilter@2bc2e022, org.springframework.security.web.authentication.logout.LogoutFilter@72237be8, org.springframework.security.saml2.provider.service.web.Saml2WebSsoAuthenticationRequestFilter@54ca9420, org.springframework.security.saml2.provider.service.web.authentication.Saml2WebSsoAuthenticationFilter@1c05097c, org.springframework.security.web.authentication.ui.DefaultLoginPageGeneratingFilter@20914835, org.springframework.security.web.authentication.ui.DefaultLogoutPageGeneratingFilter@186dcb05, org.springframework.security.web.savedrequest.RequestCacheAwareFilter@7747cc1b, org.springframework.security.web.servletapi.SecurityContextHolderAwareRequestFilter@26a9c6df, org.springframework.security.web.authentication.AnonymousAuthenticationFilter@1d0dad12, org.springframework.security.web.access.ExceptionTranslationFilter@6b4fd7d, org.springframework.security.web.access.intercept.AuthorizationFilter@85cd413]] (1/1)
2023-04-17T13:54:03.643+09:00 DEBUG 3252 --- [    Test worker] o.s.security.web.FilterChainProxy        : Securing GET /
2023-04-17T13:54:03.643+09:00 TRACE 3252 --- [    Test worker] o.s.security.web.FilterChainProxy        : Invoking DisableEncodeUrlFilter (1/18)
2023-04-17T13:54:03.643+09:00 TRACE 3252 --- [    Test worker] o.s.security.web.FilterChainProxy        : Invoking WebAsyncManagerIntegrationFilter (2/18)
2023-04-17T13:54:03.643+09:00 TRACE 3252 --- [    Test worker] o.s.security.web.FilterChainProxy        : Invoking SecurityContextHolderFilter (3/18)
2023-04-17T13:54:03.643+09:00 TRACE 3252 --- [    Test worker] o.s.security.web.FilterChainProxy        : Invoking HeaderWriterFilter (4/18)
2023-04-17T13:54:03.643+09:00 TRACE 3252 --- [    Test worker] o.s.security.web.FilterChainProxy        : Invoking Saml2LogoutRequestFilter (5/18)
2023-04-17T13:54:03.644+09:00 TRACE 3252 --- [    Test worker] o.s.security.web.FilterChainProxy        : Invoking Saml2LogoutResponseFilter (6/18)
2023-04-17T13:54:03.644+09:00 TRACE 3252 --- [    Test worker] o.s.security.web.FilterChainProxy        : Invoking CsrfFilter (7/18)
2023-04-17T13:54:03.644+09:00 TRACE 3252 --- [    Test worker] o.s.security.web.csrf.CsrfFilter         : Did not protect against CSRF since request did not match And [CsrfNotRequired [TRACE, HEAD, GET, OPTIONS], Not [Or [Ant [pattern='/login/saml2/sso/{registrationId}']]]]
2023-04-17T13:54:03.644+09:00 TRACE 3252 --- [    Test worker] o.s.security.web.FilterChainProxy        : Invoking LogoutFilter (8/18)
2023-04-17T13:54:03.644+09:00 TRACE 3252 --- [    Test worker] o.s.s.w.a.logout.LogoutFilter            : Did not match request to And [Ant [pattern='/logout', POST], org.springframework.security.config.annotation.web.configurers.saml2.Saml2LogoutConfigurer$Saml2RequestMatcher@7e916dc2]
2023-04-17T13:54:03.644+09:00 TRACE 3252 --- [    Test worker] o.s.security.web.FilterChainProxy        : Invoking LogoutFilter (9/18)
2023-04-17T13:54:03.644+09:00 TRACE 3252 --- [    Test worker] o.s.s.w.a.logout.LogoutFilter            : Did not match request to Ant [pattern='/logout', POST]
2023-04-17T13:54:03.644+09:00 TRACE 3252 --- [    Test worker] o.s.security.web.FilterChainProxy        : Invoking Saml2WebSsoAuthenticationRequestFilter (10/18)
2023-04-17T13:54:03.644+09:00 TRACE 3252 --- [    Test worker] o.s.security.web.FilterChainProxy        : Invoking Saml2WebSsoAuthenticationFilter (11/18)
2023-04-17T13:54:03.644+09:00 TRACE 3252 --- [    Test worker] .p.s.w.a.Saml2WebSsoAuthenticationFilter : Did not match request to Ant [pattern='/login/saml2/sso/{registrationId}']
2023-04-17T13:54:03.644+09:00 TRACE 3252 --- [    Test worker] o.s.security.web.FilterChainProxy        : Invoking DefaultLoginPageGeneratingFilter (12/18)
2023-04-17T13:54:03.644+09:00 TRACE 3252 --- [    Test worker] o.s.security.web.FilterChainProxy        : Invoking DefaultLogoutPageGeneratingFilter (13/18)
2023-04-17T13:54:03.644+09:00 TRACE 3252 --- [    Test worker] .w.a.u.DefaultLogoutPageGeneratingFilter : Did not render default logout page since request did not match [Ant [pattern='/logout', GET]]
2023-04-17T13:54:03.644+09:00 TRACE 3252 --- [    Test worker] o.s.security.web.FilterChainProxy        : Invoking RequestCacheAwareFilter (14/18)
2023-04-17T13:54:03.644+09:00 TRACE 3252 --- [    Test worker] o.s.s.w.s.HttpSessionRequestCache        : matchingRequestParameterName is required for getMatchingRequest to lookup a value, but not provided
2023-04-17T13:54:03.644+09:00 TRACE 3252 --- [    Test worker] o.s.security.web.FilterChainProxy        : Invoking SecurityContextHolderAwareRequestFilter (15/18)
2023-04-17T13:54:03.644+09:00 TRACE 3252 --- [    Test worker] o.s.security.web.FilterChainProxy        : Invoking AnonymousAuthenticationFilter (16/18)
2023-04-17T13:54:03.645+09:00 TRACE 3252 --- [    Test worker] o.s.security.web.FilterChainProxy        : Invoking ExceptionTranslationFilter (17/18)
2023-04-17T13:54:03.645+09:00 TRACE 3252 --- [    Test worker] o.s.security.web.FilterChainProxy        : Invoking AuthorizationFilter (18/18)
2023-04-17T13:54:03.645+09:00 TRACE 3252 --- [    Test worker] estMatcherDelegatingAuthorizationManager : Authorizing SecurityContextHolderAwareRequestWrapper[ org.springframework.security.web.header.HeaderWriterFilter$HeaderWriterRequest@7b6e196e]
2023-04-17T13:54:03.645+09:00 TRACE 3252 --- [    Test worker] estMatcherDelegatingAuthorizationManager : Checking authorization on SecurityContextHolderAwareRequestWrapper[ org.springframework.security.web.header.HeaderWriterFilter$HeaderWriterRequest@7b6e196e] using org.springframework.security.authorization.AuthenticatedAuthorizationManager@23307c6c
2023-04-17T13:54:03.645+09:00 TRACE 3252 --- [    Test worker] w.c.HttpSessionSecurityContextRepository : No HttpSession currently exists
2023-04-17T13:54:03.645+09:00 TRACE 3252 --- [    Test worker] .s.s.w.c.SupplierDeferredSecurityContext : Created SecurityContextImpl [Null authentication]
2023-04-17T13:54:03.645+09:00 TRACE 3252 --- [    Test worker] .s.s.w.c.SupplierDeferredSecurityContext : Created SecurityContextImpl [Null authentication]
2023-04-17T13:54:03.645+09:00 TRACE 3252 --- [    Test worker] o.s.s.w.a.AnonymousAuthenticationFilter  : Set SecurityContextHolder to AnonymousAuthenticationToken [Principal=anonymousUser, Credentials=[PROTECTED], Authenticated=true, Details=WebAuthenticationDetails [RemoteIpAddress=127.0.0.1, SessionId=null], Granted Authorities=[ROLE_ANONYMOUS]]
2023-04-17T13:54:03.645+09:00 TRACE 3252 --- [    Test worker] o.s.s.w.a.ExceptionTranslationFilter     : Sending AnonymousAuthenticationToken [Principal=anonymousUser, Credentials=[PROTECTED], Authenticated=true, Details=WebAuthenticationDetails [RemoteIpAddress=127.0.0.1, SessionId=null], Granted Authorities=[ROLE_ANONYMOUS]] to authentication entry point since access is denied

org.springframework.security.access.AccessDeniedException: Access Denied
	at org.springframework.security.web.access.intercept.AuthorizationFilter.doFilter(AuthorizationFilter.java:98) ~[spring-security-web-6.0.0-SNAPSHOT.jar:6.0.0-SNAPSHOT]
	at org.springframework.security.web.FilterChainProxy$VirtualFilterChain.doFilter(FilterChainProxy.java:374) ~[spring-security-web-6.0.0-SNAPSHOT.jar:6.0.0-SNAPSHOT]
	at org.springframework.security.web.access.ExceptionTranslationFilter.doFilter(ExceptionTranslationFilter.java:126) ~[spring-security-web-6.0.0-SNAPSHOT.jar:6.0.0-SNAPSHOT]
	at org.springframework.security.web.access.ExceptionTranslationFilter.doFilter(ExceptionTranslationFilter.java:120) ~[spring-security-web-6.0.0-SNAPSHOT.jar:6.0.0-SNAPSHOT]
	at org.springframework.security.web.FilterChainProxy$VirtualFilterChain.doFilter(FilterChainProxy.java:374) ~[spring-security-web-6.0.0-SNAPSHOT.jar:6.0.0-SNAPSHOT]
	at org.springframework.security.web.authentication.AnonymousAuthenticationFilter.doFilter(AnonymousAuthenticationFilter.java:100) ~[spring-security-web-6.0.0-SNAPSHOT.jar:6.0.0-SNAPSHOT]
	at org.springframework.security.web.FilterChainProxy$VirtualFilterChain.doFilter(FilterChainProxy.java:374) ~[spring-security-web-6.0.0-SNAPSHOT.jar:6.0.0-SNAPSHOT]
	at org.springframework.security.web.servletapi.SecurityContextHolderAwareRequestFilter.doFilter(SecurityContextHolderAwareRequestFilter.java:179) ~[spring-security-web-6.0.0-SNAPSHOT.jar:6.0.0-SNAPSHOT]
	at org.springframework.security.web.FilterChainProxy$VirtualFilterChain.doFilter(FilterChainProxy.java:374) ~[spring-security-web-6.0.0-SNAPSHOT.jar:6.0.0-SNAPSHOT]
	at org.springframework.security.web.savedrequest.RequestCacheAwareFilter.doFilter(RequestCacheAwareFilter.java:63) ~[spring-security-web-6.0.0-SNAPSHOT.jar:6.0.0-SNAPSHOT]
	at org.springframework.security.web.FilterChainProxy$VirtualFilterChain.doFilter(FilterChainProxy.java:374) ~[spring-security-web-6.0.0-SNAPSHOT.jar:6.0.0-SNAPSHOT]
	at org.springframework.security.web.authentication.ui.DefaultLogoutPageGeneratingFilter.doFilterInternal(DefaultLogoutPageGeneratingFilter.java:58) ~[spring-security-web-6.0.0-SNAPSHOT.jar:6.0.0-SNAPSHOT]
	at org.springframework.web.filter.OncePerRequestFilter.doFilter(OncePerRequestFilter.java:116) ~[spring-web-6.0.2.jar:6.0.2]
	at org.springframework.security.web.FilterChainProxy$VirtualFilterChain.doFilter(FilterChainProxy.java:374) ~[spring-security-web-6.0.0-SNAPSHOT.jar:6.0.0-SNAPSHOT]
	at org.springframework.security.web.authentication.ui.DefaultLoginPageGeneratingFilter.doFilter(DefaultLoginPageGeneratingFilter.java:188) ~[spring-security-web-6.0.0-SNAPSHOT.jar:6.0.0-SNAPSHOT]
	at org.springframework.security.web.authentication.ui.DefaultLoginPageGeneratingFilter.doFilter(DefaultLoginPageGeneratingFilter.java:174) ~[spring-security-web-6.0.0-SNAPSHOT.jar:6.0.0-SNAPSHOT]
	at org.springframework.security.web.FilterChainProxy$VirtualFilterChain.doFilter(FilterChainProxy.java:374) ~[spring-security-web-6.0.0-SNAPSHOT.jar:6.0.0-SNAPSHOT]
	at org.springframework.security.web.authentication.AbstractAuthenticationProcessingFilter.doFilter(AbstractAuthenticationProcessingFilter.java:227) ~[spring-security-web-6.0.0-SNAPSHOT.jar:6.0.0-SNAPSHOT]
	at org.springframework.security.web.authentication.AbstractAuthenticationProcessingFilter.doFilter(AbstractAuthenticationProcessingFilter.java:221) ~[spring-security-web-6.0.0-SNAPSHOT.jar:6.0.0-SNAPSHOT]
	at org.springframework.security.web.FilterChainProxy$VirtualFilterChain.doFilter(FilterChainProxy.java:374) ~[spring-security-web-6.0.0-SNAPSHOT.jar:6.0.0-SNAPSHOT]
	at org.springframework.security.saml2.provider.service.web.Saml2WebSsoAuthenticationRequestFilter.doFilterInternal(Saml2WebSsoAuthenticationRequestFilter.java:100) ~[spring-security-saml2-service-provider-6.0.0-SNAPSHOT.jar:6.0.0-SNAPSHOT]
	at org.springframework.web.filter.OncePerRequestFilter.doFilter(OncePerRequestFilter.java:116) ~[spring-web-6.0.2.jar:6.0.2]
	at org.springframework.security.web.FilterChainProxy$VirtualFilterChain.doFilter(FilterChainProxy.java:374) ~[spring-security-web-6.0.0-SNAPSHOT.jar:6.0.0-SNAPSHOT]
	at org.springframework.security.web.authentication.logout.LogoutFilter.doFilter(LogoutFilter.java:107) ~[spring-security-web-6.0.0-SNAPSHOT.jar:6.0.0-SNAPSHOT]
	at org.springframework.security.web.authentication.logout.LogoutFilter.doFilter(LogoutFilter.java:93) ~[spring-security-web-6.0.0-SNAPSHOT.jar:6.0.0-SNAPSHOT]
	at org.springframework.security.web.FilterChainProxy$VirtualFilterChain.doFilter(FilterChainProxy.java:374) ~[spring-security-web-6.0.0-SNAPSHOT.jar:6.0.0-SNAPSHOT]
	at org.springframework.security.web.authentication.logout.LogoutFilter.doFilter(LogoutFilter.java:107) ~[spring-security-web-6.0.0-SNAPSHOT.jar:6.0.0-SNAPSHOT]
	at org.springframework.security.web.authentication.logout.LogoutFilter.doFilter(LogoutFilter.java:93) ~[spring-security-web-6.0.0-SNAPSHOT.jar:6.0.0-SNAPSHOT]
	at org.springframework.security.web.FilterChainProxy$VirtualFilterChain.doFilter(FilterChainProxy.java:374) ~[spring-security-web-6.0.0-SNAPSHOT.jar:6.0.0-SNAPSHOT]
	at org.springframework.security.web.csrf.CsrfFilter.doFilterInternal(CsrfFilter.java:116) ~[spring-security-web-6.0.0-SNAPSHOT.jar:6.0.0-SNAPSHOT]
	at org.springframework.web.filter.OncePerRequestFilter.doFilter(OncePerRequestFilter.java:116) ~[spring-web-6.0.2.jar:6.0.2]
	at org.springframework.security.web.FilterChainProxy$VirtualFilterChain.doFilter(FilterChainProxy.java:374) ~[spring-security-web-6.0.0-SNAPSHOT.jar:6.0.0-SNAPSHOT]
	at org.springframework.security.saml2.provider.service.web.authentication.logout.Saml2LogoutResponseFilter.doFilterInternal(Saml2LogoutResponseFilter.java:97) ~[spring-security-saml2-service-provider-6.0.0-SNAPSHOT.jar:6.0.0-SNAPSHOT]
	at org.springframework.web.filter.OncePerRequestFilter.doFilter(OncePerRequestFilter.java:116) ~[spring-web-6.0.2.jar:6.0.2]
	at org.springframework.security.web.FilterChainProxy$VirtualFilterChain.doFilter(FilterChainProxy.java:374) ~[spring-security-web-6.0.0-SNAPSHOT.jar:6.0.0-SNAPSHOT]
	at org.springframework.security.saml2.provider.service.web.authentication.logout.Saml2LogoutRequestFilter.doFilterInternal(Saml2LogoutRequestFilter.java:105) ~[spring-security-saml2-service-provider-6.0.0-SNAPSHOT.jar:6.0.0-SNAPSHOT]
	at org.springframework.web.filter.OncePerRequestFilter.doFilter(OncePerRequestFilter.java:116) ~[spring-web-6.0.2.jar:6.0.2]
	at org.springframework.security.web.FilterChainProxy$VirtualFilterChain.doFilter(FilterChainProxy.java:374) ~[spring-security-web-6.0.0-SNAPSHOT.jar:6.0.0-SNAPSHOT]
	at org.springframework.security.web.header.HeaderWriterFilter.doHeadersAfter(HeaderWriterFilter.java:90) ~[spring-security-web-6.0.0-SNAPSHOT.jar:6.0.0-SNAPSHOT]
	at org.springframework.security.web.header.HeaderWriterFilter.doFilterInternal(HeaderWriterFilter.java:75) ~[spring-security-web-6.0.0-SNAPSHOT.jar:6.0.0-SNAPSHOT]
	at org.springframework.web.filter.OncePerRequestFilter.doFilter(OncePerRequestFilter.java:116) ~[spring-web-6.0.2.jar:6.0.2]
	at org.springframework.security.web.FilterChainProxy$VirtualFilterChain.doFilter(FilterChainProxy.java:374) ~[spring-security-web-6.0.0-SNAPSHOT.jar:6.0.0-SNAPSHOT]
	at org.springframework.security.web.context.SecurityContextHolderFilter.doFilterInternal(SecurityContextHolderFilter.java:69) ~[spring-security-web-6.0.0-SNAPSHOT.jar:6.0.0-SNAPSHOT]
	at org.springframework.web.filter.OncePerRequestFilter.doFilter(OncePerRequestFilter.java:116) ~[spring-web-6.0.2.jar:6.0.2]
	at org.springframework.security.web.FilterChainProxy$VirtualFilterChain.doFilter(FilterChainProxy.java:374) ~[spring-security-web-6.0.0-SNAPSHOT.jar:6.0.0-SNAPSHOT]
	at org.springframework.security.web.context.request.async.WebAsyncManagerIntegrationFilter.doFilterInternal(WebAsyncManagerIntegrationFilter.java:62) ~[spring-security-web-6.0.0-SNAPSHOT.jar:6.0.0-SNAPSHOT]
	at org.springframework.web.filter.OncePerRequestFilter.doFilter(OncePerRequestFilter.java:116) ~[spring-web-6.0.2.jar:6.0.2]
	at org.springframework.security.web.FilterChainProxy$VirtualFilterChain.doFilter(FilterChainProxy.java:374) ~[spring-security-web-6.0.0-SNAPSHOT.jar:6.0.0-SNAPSHOT]
	at org.springframework.security.web.session.DisableEncodeUrlFilter.doFilterInternal(DisableEncodeUrlFilter.java:42) ~[spring-security-web-6.0.0-SNAPSHOT.jar:6.0.0-SNAPSHOT]
	at org.springframework.web.filter.OncePerRequestFilter.doFilter(OncePerRequestFilter.java:116) ~[spring-web-6.0.2.jar:6.0.2]
	at org.springframework.security.web.FilterChainProxy$VirtualFilterChain.doFilter(FilterChainProxy.java:374) ~[spring-security-web-6.0.0-SNAPSHOT.jar:6.0.0-SNAPSHOT]
	at org.springframework.security.web.FilterChainProxy.doFilterInternal(FilterChainProxy.java:233) ~[spring-security-web-6.0.0-SNAPSHOT.jar:6.0.0-SNAPSHOT]
	at org.springframework.security.web.FilterChainProxy.doFilter(FilterChainProxy.java:191) ~[spring-security-web-6.0.0-SNAPSHOT.jar:6.0.0-SNAPSHOT]
	at org.springframework.web.filter.DelegatingFilterProxy.invokeDelegate(DelegatingFilterProxy.java:351) ~[spring-web-6.0.2.jar:6.0.2]
	at org.springframework.web.filter.DelegatingFilterProxy.doFilter(DelegatingFilterProxy.java:267) ~[spring-web-6.0.2.jar:6.0.2]
	at org.springframework.mock.web.MockFilterChain.doFilter(MockFilterChain.java:132) ~[spring-test-6.0.2.jar:6.0.2]
	at org.springframework.security.saml2.provider.service.web.Saml2MetadataFilter.doFilterInternal(Saml2MetadataFilter.java:70) ~[spring-security-saml2-service-provider-6.0.0-SNAPSHOT.jar:6.0.0-SNAPSHOT]
	at org.springframework.web.filter.OncePerRequestFilter.doFilter(OncePerRequestFilter.java:116) ~[spring-web-6.0.2.jar:6.0.2]
	at org.springframework.mock.web.MockFilterChain.doFilter(MockFilterChain.java:132) ~[spring-test-6.0.2.jar:6.0.2]
	at org.springframework.web.filter.RequestContextFilter.doFilterInternal(RequestContextFilter.java:100) ~[spring-web-6.0.2.jar:6.0.2]
	at org.springframework.web.filter.OncePerRequestFilter.doFilter(OncePerRequestFilter.java:116) ~[spring-web-6.0.2.jar:6.0.2]
	at org.springframework.mock.web.MockFilterChain.doFilter(MockFilterChain.java:132) ~[spring-test-6.0.2.jar:6.0.2]
	at org.springframework.web.filter.FormContentFilter.doFilterInternal(FormContentFilter.java:93) ~[spring-web-6.0.2.jar:6.0.2]
	at org.springframework.web.filter.OncePerRequestFilter.doFilter(OncePerRequestFilter.java:116) ~[spring-web-6.0.2.jar:6.0.2]
	at org.springframework.mock.web.MockFilterChain.doFilter(MockFilterChain.java:132) ~[spring-test-6.0.2.jar:6.0.2]
	at org.springframework.web.filter.CharacterEncodingFilter.doFilterInternal(CharacterEncodingFilter.java:201) ~[spring-web-6.0.2.jar:6.0.2]
	at org.springframework.web.filter.OncePerRequestFilter.doFilter(OncePerRequestFilter.java:116) ~[spring-web-6.0.2.jar:6.0.2]
	at org.springframework.mock.web.MockFilterChain.doFilter(MockFilterChain.java:132) ~[spring-test-6.0.2.jar:6.0.2]
	at org.springframework.test.web.servlet.MockMvc.perform(MockMvc.java:201) ~[spring-test-6.0.2.jar:6.0.2]
	at org.springframework.test.web.servlet.htmlunit.MockMvcWebConnection.getResponse(MockMvcWebConnection.java:149) ~[spring-test-6.0.2.jar:6.0.2]
	at org.springframework.test.web.servlet.htmlunit.MockMvcWebConnection.getResponse(MockMvcWebConnection.java:134) ~[spring-test-6.0.2.jar:6.0.2]
	at org.springframework.test.web.servlet.htmlunit.DelegatingWebConnection.getResponse(DelegatingWebConnection.java:79) ~[spring-test-6.0.2.jar:6.0.2]
	at com.gargoylesoftware.htmlunit.WebClient.loadWebResponseFromWebConnection(WebClient.java:1588) ~[htmlunit-2.70.0.jar:2.70.0]
	at com.gargoylesoftware.htmlunit.WebClient.loadWebResponse(WebClient.java:1510) ~[htmlunit-2.70.0.jar:2.70.0]
	at com.gargoylesoftware.htmlunit.WebClient.getPage(WebClient.java:481) ~[htmlunit-2.70.0.jar:2.70.0]
	at com.gargoylesoftware.htmlunit.WebClient.getPage(WebClient.java:396) ~[htmlunit-2.70.0.jar:2.70.0]
	at com.gargoylesoftware.htmlunit.WebClient.getPage(WebClient.java:534) ~[htmlunit-2.70.0.jar:2.70.0]
	at com.gargoylesoftware.htmlunit.WebClient.getPage(WebClient.java:516) ~[htmlunit-2.70.0.jar:2.70.0]
	at org.springframework.boot.test.web.htmlunit.LocalHostWebClient.getPage(LocalHostWebClient.java:50) ~[spring-boot-test-3.0.0.jar:3.0.0]
	at example.Saml2LoginApplicationITests.performLogin(Saml2LoginApplicationITests.java:85) ~[integTest/:na]
	at example.Saml2LoginApplicationITests.authenticationAttemptWhenValidThenShowsUserEmailAddress(Saml2LoginApplicationITests.java:57) ~[integTest/:na]
	at java.base/jdk.internal.reflect.NativeMethodAccessorImpl.invoke0(Native Method) ~[na:na]
	at java.base/jdk.internal.reflect.NativeMethodAccessorImpl.invoke(NativeMethodAccessorImpl.java:77) ~[na:na]
	at java.base/jdk.internal.reflect.DelegatingMethodAccessorImpl.invoke(DelegatingMethodAccessorImpl.java:43) ~[na:na]
	at java.base/java.lang.reflect.Method.invoke(Method.java:568) ~[na:na]
	at org.junit.platform.commons.util.ReflectionUtils.invokeMethod(ReflectionUtils.java:727) ~[junit-platform-commons-1.9.1.jar:1.9.1]
	at org.junit.jupiter.engine.execution.MethodInvocation.proceed(MethodInvocation.java:60) ~[junit-jupiter-engine-5.9.1.jar:5.9.1]
	at org.junit.jupiter.engine.execution.InvocationInterceptorChain$ValidatingInvocation.proceed(InvocationInterceptorChain.java:131) ~[junit-jupiter-engine-5.9.1.jar:5.9.1]
	at org.junit.jupiter.engine.extension.TimeoutExtension.intercept(TimeoutExtension.java:156) ~[junit-jupiter-engine-5.9.1.jar:5.9.1]
	at org.junit.jupiter.engine.extension.TimeoutExtension.interceptTestableMethod(TimeoutExtension.java:147) ~[junit-jupiter-engine-5.9.1.jar:5.9.1]
	at org.junit.jupiter.engine.extension.TimeoutExtension.interceptTestMethod(TimeoutExtension.java:86) ~[junit-jupiter-engine-5.9.1.jar:5.9.1]
	at org.junit.jupiter.engine.execution.InterceptingExecutableInvoker$ReflectiveInterceptorCall.lambda$ofVoidMethod$0(InterceptingExecutableInvoker.java:103) ~[junit-jupiter-engine-5.9.1.jar:5.9.1]
	at org.junit.jupiter.engine.execution.InterceptingExecutableInvoker.lambda$invoke$0(InterceptingExecutableInvoker.java:93) ~[junit-jupiter-engine-5.9.1.jar:5.9.1]
	at org.junit.jupiter.engine.execution.InvocationInterceptorChain$InterceptedInvocation.proceed(InvocationInterceptorChain.java:106) ~[junit-jupiter-engine-5.9.1.jar:5.9.1]
	at org.junit.jupiter.engine.execution.InvocationInterceptorChain.proceed(InvocationInterceptorChain.java:64) ~[junit-jupiter-engine-5.9.1.jar:5.9.1]
	at org.junit.jupiter.engine.execution.InvocationInterceptorChain.chainAndInvoke(InvocationInterceptorChain.java:45) ~[junit-jupiter-engine-5.9.1.jar:5.9.1]
	at org.junit.jupiter.engine.execution.InvocationInterceptorChain.invoke(InvocationInterceptorChain.java:37) ~[junit-jupiter-engine-5.9.1.jar:5.9.1]
	at org.junit.jupiter.engine.execution.InterceptingExecutableInvoker.invoke(InterceptingExecutableInvoker.java:92) ~[junit-jupiter-engine-5.9.1.jar:5.9.1]
	at org.junit.jupiter.engine.execution.InterceptingExecutableInvoker.invoke(InterceptingExecutableInvoker.java:86) ~[junit-jupiter-engine-5.9.1.jar:5.9.1]
	at org.junit.jupiter.engine.descriptor.TestMethodTestDescriptor.lambda$invokeTestMethod$7(TestMethodTestDescriptor.java:217) ~[junit-jupiter-engine-5.9.1.jar:5.9.1]
	at org.junit.platform.engine.support.hierarchical.ThrowableCollector.execute(ThrowableCollector.java:73) ~[junit-platform-engine-1.9.1.jar:1.9.1]
	at org.junit.jupiter.engine.descriptor.TestMethodTestDescriptor.invokeTestMethod(TestMethodTestDescriptor.java:213) ~[junit-jupiter-engine-5.9.1.jar:5.9.1]
	at org.junit.jupiter.engine.descriptor.TestMethodTestDescriptor.execute(TestMethodTestDescriptor.java:138) ~[junit-jupiter-engine-5.9.1.jar:5.9.1]
	at org.junit.jupiter.engine.descriptor.TestMethodTestDescriptor.execute(TestMethodTestDescriptor.java:68) ~[junit-jupiter-engine-5.9.1.jar:5.9.1]
	at org.junit.platform.engine.support.hierarchical.NodeTestTask.lambda$executeRecursively$6(NodeTestTask.java:151) ~[junit-platform-engine-1.9.1.jar:1.9.1]
	at org.junit.platform.engine.support.hierarchical.ThrowableCollector.execute(ThrowableCollector.java:73) ~[junit-platform-engine-1.9.1.jar:1.9.1]
	at org.junit.platform.engine.support.hierarchical.NodeTestTask.lambda$executeRecursively$8(NodeTestTask.java:141) ~[junit-platform-engine-1.9.1.jar:1.9.1]
	at org.junit.platform.engine.support.hierarchical.Node.around(Node.java:137) ~[junit-platform-engine-1.9.1.jar:1.9.1]
	at org.junit.platform.engine.support.hierarchical.NodeTestTask.lambda$executeRecursively$9(NodeTestTask.java:139) ~[junit-platform-engine-1.9.1.jar:1.9.1]
	at org.junit.platform.engine.support.hierarchical.ThrowableCollector.execute(ThrowableCollector.java:73) ~[junit-platform-engine-1.9.1.jar:1.9.1]
	at org.junit.platform.engine.support.hierarchical.NodeTestTask.executeRecursively(NodeTestTask.java:138) ~[junit-platform-engine-1.9.1.jar:1.9.1]
	at org.junit.platform.engine.support.hierarchical.NodeTestTask.execute(NodeTestTask.java:95) ~[junit-platform-engine-1.9.1.jar:1.9.1]
	at java.base/java.util.ArrayList.forEach(ArrayList.java:1511) ~[na:na]
	at org.junit.platform.engine.support.hierarchical.SameThreadHierarchicalTestExecutorService.invokeAll(SameThreadHierarchicalTestExecutorService.java:41) ~[junit-platform-engine-1.9.1.jar:1.9.1]
	at org.junit.platform.engine.support.hierarchical.NodeTestTask.lambda$executeRecursively$6(NodeTestTask.java:155) ~[junit-platform-engine-1.9.1.jar:1.9.1]
	at org.junit.platform.engine.support.hierarchical.ThrowableCollector.execute(ThrowableCollector.java:73) ~[junit-platform-engine-1.9.1.jar:1.9.1]
	at org.junit.platform.engine.support.hierarchical.NodeTestTask.lambda$executeRecursively$8(NodeTestTask.java:141) ~[junit-platform-engine-1.9.1.jar:1.9.1]
	at org.junit.platform.engine.support.hierarchical.Node.around(Node.java:137) ~[junit-platform-engine-1.9.1.jar:1.9.1]
	at org.junit.platform.engine.support.hierarchical.NodeTestTask.lambda$executeRecursively$9(NodeTestTask.java:139) ~[junit-platform-engine-1.9.1.jar:1.9.1]
	at org.junit.platform.engine.support.hierarchical.ThrowableCollector.execute(ThrowableCollector.java:73) ~[junit-platform-engine-1.9.1.jar:1.9.1]
	at org.junit.platform.engine.support.hierarchical.NodeTestTask.executeRecursively(NodeTestTask.java:138) ~[junit-platform-engine-1.9.1.jar:1.9.1]
	at org.junit.platform.engine.support.hierarchical.NodeTestTask.execute(NodeTestTask.java:95) ~[junit-platform-engine-1.9.1.jar:1.9.1]
	at java.base/java.util.ArrayList.forEach(ArrayList.java:1511) ~[na:na]
	at org.junit.platform.engine.support.hierarchical.SameThreadHierarchicalTestExecutorService.invokeAll(SameThreadHierarchicalTestExecutorService.java:41) ~[junit-platform-engine-1.9.1.jar:1.9.1]
	at org.junit.platform.engine.support.hierarchical.NodeTestTask.lambda$executeRecursively$6(NodeTestTask.java:155) ~[junit-platform-engine-1.9.1.jar:1.9.1]
	at org.junit.platform.engine.support.hierarchical.ThrowableCollector.execute(ThrowableCollector.java:73) ~[junit-platform-engine-1.9.1.jar:1.9.1]
	at org.junit.platform.engine.support.hierarchical.NodeTestTask.lambda$executeRecursively$8(NodeTestTask.java:141) ~[junit-platform-engine-1.9.1.jar:1.9.1]
	at org.junit.platform.engine.support.hierarchical.Node.around(Node.java:137) ~[junit-platform-engine-1.9.1.jar:1.9.1]
	at org.junit.platform.engine.support.hierarchical.NodeTestTask.lambda$executeRecursively$9(NodeTestTask.java:139) ~[junit-platform-engine-1.9.1.jar:1.9.1]
	at org.junit.platform.engine.support.hierarchical.ThrowableCollector.execute(ThrowableCollector.java:73) ~[junit-platform-engine-1.9.1.jar:1.9.1]
	at org.junit.platform.engine.support.hierarchical.NodeTestTask.executeRecursively(NodeTestTask.java:138) ~[junit-platform-engine-1.9.1.jar:1.9.1]
	at org.junit.platform.engine.support.hierarchical.NodeTestTask.execute(NodeTestTask.java:95) ~[junit-platform-engine-1.9.1.jar:1.9.1]
	at org.junit.platform.engine.support.hierarchical.SameThreadHierarchicalTestExecutorService.submit(SameThreadHierarchicalTestExecutorService.java:35) ~[junit-platform-engine-1.9.1.jar:1.9.1]
	at org.junit.platform.engine.support.hierarchical.HierarchicalTestExecutor.execute(HierarchicalTestExecutor.java:57) ~[junit-platform-engine-1.9.1.jar:1.9.1]
	at org.junit.platform.engine.support.hierarchical.HierarchicalTestEngine.execute(HierarchicalTestEngine.java:54) ~[junit-platform-engine-1.9.1.jar:1.9.1]
	at org.junit.platform.launcher.core.EngineExecutionOrchestrator.execute(EngineExecutionOrchestrator.java:107) ~[na:na]
	at org.junit.platform.launcher.core.EngineExecutionOrchestrator.execute(EngineExecutionOrchestrator.java:88) ~[na:na]
	at org.junit.platform.launcher.core.EngineExecutionOrchestrator.lambda$execute$0(EngineExecutionOrchestrator.java:54) ~[na:na]
	at org.junit.platform.launcher.core.EngineExecutionOrchestrator.withInterceptedStreams(EngineExecutionOrchestrator.java:67) ~[na:na]
	at org.junit.platform.launcher.core.EngineExecutionOrchestrator.execute(EngineExecutionOrchestrator.java:52) ~[na:na]
	at org.junit.platform.launcher.core.DefaultLauncher.execute(DefaultLauncher.java:114) ~[na:na]
	at org.junit.platform.launcher.core.DefaultLauncher.execute(DefaultLauncher.java:86) ~[na:na]
	at org.junit.platform.launcher.core.DefaultLauncherSession$DelegatingLauncher.execute(DefaultLauncherSession.java:86) ~[na:na]
	at org.junit.platform.launcher.core.SessionPerRequestLauncher.execute(SessionPerRequestLauncher.java:53) ~[na:na]
	at org.gradle.api.internal.tasks.testing.junitplatform.JUnitPlatformTestClassProcessor$CollectAllTestClassesExecutor.processAllTestClasses(JUnitPlatformTestClassProcessor.java:99) ~[na:na]
	at org.gradle.api.internal.tasks.testing.junitplatform.JUnitPlatformTestClassProcessor$CollectAllTestClassesExecutor.access$000(JUnitPlatformTestClassProcessor.java:79) ~[na:na]
	at org.gradle.api.internal.tasks.testing.junitplatform.JUnitPlatformTestClassProcessor.stop(JUnitPlatformTestClassProcessor.java:75) ~[na:na]
	at org.gradle.api.internal.tasks.testing.SuiteTestClassProcessor.stop(SuiteTestClassProcessor.java:61) ~[na:na]
	at java.base/jdk.internal.reflect.NativeMethodAccessorImpl.invoke0(Native Method) ~[na:na]
	at java.base/jdk.internal.reflect.NativeMethodAccessorImpl.invoke(NativeMethodAccessorImpl.java:77) ~[na:na]
	at java.base/jdk.internal.reflect.DelegatingMethodAccessorImpl.invoke(DelegatingMethodAccessorImpl.java:43) ~[na:na]
	at java.base/java.lang.reflect.Method.invoke(Method.java:568) ~[na:na]
	at org.gradle.internal.dispatch.ReflectionDispatch.dispatch(ReflectionDispatch.java:36) ~[na:na]
	at org.gradle.internal.dispatch.ReflectionDispatch.dispatch(ReflectionDispatch.java:24) ~[na:na]
	at org.gradle.internal.dispatch.ContextClassLoaderDispatch.dispatch(ContextClassLoaderDispatch.java:33) ~[na:na]
	at org.gradle.internal.dispatch.ProxyDispatchAdapter$DispatchingInvocationHandler.invoke(ProxyDispatchAdapter.java:94) ~[na:na]
	at jdk.proxy1/jdk.proxy1.$Proxy2.stop(Unknown Source) ~[na:na]
	at org.gradle.api.internal.tasks.testing.worker.TestWorker$3.run(TestWorker.java:193) ~[na:na]
	at org.gradle.api.internal.tasks.testing.worker.TestWorker.executeAndMaintainThreadName(TestWorker.java:129) ~[na:na]
	at org.gradle.api.internal.tasks.testing.worker.TestWorker.execute(TestWorker.java:100) ~[na:na]
	at org.gradle.api.internal.tasks.testing.worker.TestWorker.execute(TestWorker.java:60) ~[na:na]
	at org.gradle.process.internal.worker.child.ActionExecutionWorker.execute(ActionExecutionWorker.java:56) ~[na:na]
	at org.gradle.process.internal.worker.child.SystemApplicationClassLoaderWorker.call(SystemApplicationClassLoaderWorker.java:133) ~[na:na]
	at org.gradle.process.internal.worker.child.SystemApplicationClassLoaderWorker.call(SystemApplicationClassLoaderWorker.java:71) ~[na:na]
	at worker.org.gradle.process.internal.worker.GradleWorkerMain.run(GradleWorkerMain.java:69) ~[gradle-worker.jar:na]
	at worker.org.gradle.process.internal.worker.GradleWorkerMain.main(GradleWorkerMain.java:74) ~[gradle-worker.jar:na]

2023-04-17T13:54:03.659+09:00 DEBUG 3252 --- [    Test worker] o.s.s.w.s.HttpSessionRequestCache        : Saved request http://localhost:8080/?continue to session
2023-04-17T13:54:03.659+09:00 DEBUG 3252 --- [    Test worker] s.w.a.DelegatingAuthenticationEntryPoint : Trying to match using And [Not [RequestHeaderRequestMatcher [expectedHeaderName=X-Requested-With, expectedHeaderValue=XMLHttpRequest]], Not [And [Or [Ant [pattern='/login'], Ant [pattern='/favicon.ico']], And [Not [RequestHeaderRequestMatcher [expectedHeaderName=X-Requested-With, expectedHeaderValue=XMLHttpRequest]], MediaTypeRequestMatcher [contentNegotiationStrategy=org.springframework.web.accept.ContentNegotiationManager@3857c5d5, matchingMediaTypes=[application/xhtml+xml, image/*, text/html, text/plain], useEquals=false, ignoredMediaTypes=[*/*]]]]]]
2023-04-17T13:54:03.659+09:00 DEBUG 3252 --- [    Test worker] s.w.a.DelegatingAuthenticationEntryPoint : Match found! Executing org.springframework.security.web.authentication.LoginUrlAuthenticationEntryPoint@237824b0
2023-04-17T13:54:03.659+09:00 DEBUG 3252 --- [    Test worker] o.s.s.web.DefaultRedirectStrategy        : Redirecting to http://localhost:8080/saml2/authenticate/two
2023-04-17T13:54:03.659+09:00 TRACE 3252 --- [    Test worker] o.s.s.w.header.writers.HstsHeaderWriter  : Not injecting HSTS header since it did not match request to [Is Secure]
2023-04-17T13:54:03.661+09:00 TRACE 3252 --- [    Test worker] o.s.security.web.FilterChainProxy        : Trying to match request against DefaultSecurityFilterChain [RequestMatcher=any request, Filters=[org.springframework.security.web.session.DisableEncodeUrlFilter@10408ea, org.springframework.security.web.context.request.async.WebAsyncManagerIntegrationFilter@3d7b3b18, org.springframework.security.web.context.SecurityContextHolderFilter@26f480c6, org.springframework.security.web.header.HeaderWriterFilter@12723c5d, org.springframework.security.saml2.provider.service.web.authentication.logout.Saml2LogoutRequestFilter@b144175, org.springframework.security.saml2.provider.service.web.authentication.logout.Saml2LogoutResponseFilter@67784537, org.springframework.security.web.csrf.CsrfFilter@4d4c4b14, org.springframework.security.web.authentication.logout.LogoutFilter@2bc2e022, org.springframework.security.web.authentication.logout.LogoutFilter@72237be8, org.springframework.security.saml2.provider.service.web.Saml2WebSsoAuthenticationRequestFilter@54ca9420, org.springframework.security.saml2.provider.service.web.authentication.Saml2WebSsoAuthenticationFilter@1c05097c, org.springframework.security.web.authentication.ui.DefaultLoginPageGeneratingFilter@20914835, org.springframework.security.web.authentication.ui.DefaultLogoutPageGeneratingFilter@186dcb05, org.springframework.security.web.savedrequest.RequestCacheAwareFilter@7747cc1b, org.springframework.security.web.servletapi.SecurityContextHolderAwareRequestFilter@26a9c6df, org.springframework.security.web.authentication.AnonymousAuthenticationFilter@1d0dad12, org.springframework.security.web.access.ExceptionTranslationFilter@6b4fd7d, org.springframework.security.web.access.intercept.AuthorizationFilter@85cd413]] (1/1)
2023-04-17T13:54:03.661+09:00 DEBUG 3252 --- [    Test worker] o.s.security.web.FilterChainProxy        : Securing GET /saml2/authenticate/two
2023-04-17T13:54:03.661+09:00 TRACE 3252 --- [    Test worker] o.s.security.web.FilterChainProxy        : Invoking DisableEncodeUrlFilter (1/18)
2023-04-17T13:54:03.661+09:00 TRACE 3252 --- [    Test worker] o.s.security.web.FilterChainProxy        : Invoking WebAsyncManagerIntegrationFilter (2/18)
2023-04-17T13:54:03.662+09:00 TRACE 3252 --- [    Test worker] o.s.security.web.FilterChainProxy        : Invoking SecurityContextHolderFilter (3/18)
2023-04-17T13:54:03.662+09:00 TRACE 3252 --- [    Test worker] o.s.security.web.FilterChainProxy        : Invoking HeaderWriterFilter (4/18)
2023-04-17T13:54:03.662+09:00 TRACE 3252 --- [    Test worker] o.s.security.web.FilterChainProxy        : Invoking Saml2LogoutRequestFilter (5/18)
2023-04-17T13:54:03.662+09:00 TRACE 3252 --- [    Test worker] o.s.security.web.FilterChainProxy        : Invoking Saml2LogoutResponseFilter (6/18)
2023-04-17T13:54:03.662+09:00 TRACE 3252 --- [    Test worker] o.s.security.web.FilterChainProxy        : Invoking CsrfFilter (7/18)
2023-04-17T13:54:03.662+09:00 TRACE 3252 --- [    Test worker] o.s.security.web.csrf.CsrfFilter         : Did not protect against CSRF since request did not match And [CsrfNotRequired [TRACE, HEAD, GET, OPTIONS], Not [Or [Ant [pattern='/login/saml2/sso/{registrationId}']]]]
2023-04-17T13:54:03.662+09:00 TRACE 3252 --- [    Test worker] o.s.security.web.FilterChainProxy        : Invoking LogoutFilter (8/18)
2023-04-17T13:54:03.662+09:00 TRACE 3252 --- [    Test worker] o.s.s.w.a.logout.LogoutFilter            : Did not match request to And [Ant [pattern='/logout', POST], org.springframework.security.config.annotation.web.configurers.saml2.Saml2LogoutConfigurer$Saml2RequestMatcher@7e916dc2]
2023-04-17T13:54:03.662+09:00 TRACE 3252 --- [    Test worker] o.s.security.web.FilterChainProxy        : Invoking LogoutFilter (9/18)
2023-04-17T13:54:03.662+09:00 TRACE 3252 --- [    Test worker] o.s.s.w.a.logout.LogoutFilter            : Did not match request to Ant [pattern='/logout', POST]
2023-04-17T13:54:03.662+09:00 TRACE 3252 --- [    Test worker] o.s.security.web.FilterChainProxy        : Invoking Saml2WebSsoAuthenticationRequestFilter (10/18)
2023-04-17T13:54:03.664+09:00 TRACE 3252 --- [    Test worker] o.s.s.w.header.writers.HstsHeaderWriter  : Not injecting HSTS header since it did not match request to [Is Secure]
2023-04-17T13:54:04.532+09:00  WARN 3252 --- [    Test worker] c.g.htmlunit.IncorrectnessListenerImpl   : Obsolete content type encountered: 'application/x-javascript'.
2023-04-17T13:54:04.536+09:00  INFO 3252 --- [    Test worker] c.gargoylesoftware.htmlunit.WebConsole   : notifyapi LOADED.
2023-04-17T13:54:04.536+09:00  INFO 3252 --- [    Test worker] c.gargoylesoftware.htmlunit.WebConsole   : connecting to mothership...
2023-04-17T13:54:04.536+09:00  INFO 3252 --- [    Test worker] c.gargoylesoftware.htmlunit.WebConsole   : ==&gt; Current connections: 0
2023-04-17T13:54:04.539+09:00  INFO 3252 --- [    Test worker] c.gargoylesoftware.htmlunit.WebConsole   : Sent request

MockHttpServletRequest:
      HTTP Method = GET
      Request URI = /
       Parameters = {}
          Headers = [Content-Type:&quot;application/x-www-form-urlencoded;charset=UTF-8&quot;, sec-ch-ua:&quot;&quot;Not_A Brand&quot;;v=&quot;99&quot;, &quot;Google Chrome&quot;;v=&quot;109&quot;, &quot;Chromium&quot;;v=&quot;109&quot;&quot;, sec-ch-ua-mobile:&quot;?0&quot;, Accept:&quot;text/html,application/xhtml+xml,application/xml;q=0.9,image/avif,image/webp,image/apng,*/*;q=0.8,application/signed-exchange;v=b3;q=0.9&quot;, Upgrade-Insecure-Requests:&quot;1&quot;, sec-ch-ua-platform:&quot;&quot;Windows&quot;&quot;, Sec-Fetch-Dest:&quot;document&quot;, Sec-Fetch-Site:&quot;same-origin&quot;, Sec-Fetch-User:&quot;?1&quot;, Accept-Encoding:&quot;gzip, deflate, br&quot;, Accept-Language:&quot;en-US,en;q=0.9&quot;, Sec-Fetch-Mode:&quot;navigate&quot;]
             Body = null
    Session Attrs = {SPRING_SECURITY_SAVED_REQUEST=DefaultSavedRequest [http://localhost:8080/?continue]}

Handler:
             Type = null

Async:
    Async started = false
     Async result = null

Resolved Exception:
             Type = null

ModelAndView:
        View name = null
             View = null
            Model = null

FlashMap:
       Attributes = null

MockHttpServletResponse:
           Status = 302
    Error message = null
          Headers = [X-Content-Type-Options:&quot;nosniff&quot;, X-XSS-Protection:&quot;0&quot;, Cache-Control:&quot;no-cache, no-store, max-age=0, must-revalidate&quot;, Pragma:&quot;no-cache&quot;, Expires:&quot;0&quot;, X-Frame-Options:&quot;DENY&quot;, Location:&quot;http://localhost:8080/saml2/authenticate/two&quot;]
     Content type = null
             Body = 
    Forwarded URL = null
   Redirected URL = http://localhost:8080/saml2/authenticate/two
          Cookies = []

MockHttpServletRequest:
      HTTP Method = GET
      Request URI = /saml2/authenticate/two
       Parameters = {}
          Headers = [Content-Type:&quot;application/x-www-form-urlencoded;charset=UTF-8&quot;, Cookie:&quot;JSESSIONID=2&quot;, sec-ch-ua:&quot;&quot;Not_A Brand&quot;;v=&quot;99&quot;, &quot;Google Chrome&quot;;v=&quot;109&quot;, &quot;Chromium&quot;;v=&quot;109&quot;&quot;, sec-ch-ua-mobile:&quot;?0&quot;, Accept:&quot;text/html,application/xhtml+xml,application/xml;q=0.9,image/avif,image/webp,image/apng,*/*;q=0.8,application/signed-exchange;v=b3;q=0.9&quot;, Upgrade-Insecure-Requests:&quot;1&quot;, sec-ch-ua-platform:&quot;&quot;Windows&quot;&quot;, Sec-Fetch-Dest:&quot;document&quot;, Sec-Fetch-Site:&quot;same-origin&quot;, Sec-Fetch-User:&quot;?1&quot;, Accept-Encoding:&quot;gzip, deflate, br&quot;, Accept-Language:&quot;en-US,en;q=0.9&quot;, Sec-Fetch-Mode:&quot;navigate&quot;]
             Body = null
    Session Attrs = {org.springframework.security.saml2.provider.service.web.HttpSessionSaml2AuthenticationRequestRepository.SAML2_AUTHN_REQUEST=org.springframework.security.saml2.provider.service.authentication.Saml2PostAuthenticationRequest@137a70f1, SPRING_SECURITY_SAVED_REQUEST=DefaultSavedRequest [http://localhost:8080/?continue]}

Handler:
             Type = null

Async:
    Async started = false
     Async result = null

Resolved Exception:
             Type = null

ModelAndView:
        View name = null
             View = null
            Model = null

FlashMap:
       Attributes = null

MockHttpServletResponse:
           Status = 200
    Error message = null
          Headers = [Content-Type:&quot;text/html&quot;, X-Content-Type-Options:&quot;nosniff&quot;, X-XSS-Protection:&quot;0&quot;, Cache-Control:&quot;no-cache, no-store, max-age=0, must-revalidate&quot;, Pragma:&quot;no-cache&quot;, Expires:&quot;0&quot;, X-Frame-Options:&quot;DENY&quot;]
     Content type = text/html
             Body = &lt;!DOCTYPE html&gt;
&lt;html&gt;
    &lt;head&gt;
        &lt;meta http-equiv=&quot;Content-Security-Policy&quot; content=&quot;script-src 'sha256-t+jmhLjs1ocvgaHBJsFcgznRk68d37TLtbI3NE9h7EU='&quot;&gt;
        &lt;meta charset=&quot;utf-8&quot; /&gt;
    &lt;/head&gt;
    &lt;body&gt;
        &lt;noscript&gt;
            &lt;p&gt;
                &lt;strong&gt;Note:&lt;/strong&gt; Since your browser does not support JavaScript,
                you must press the Continue button once to proceed.
            &lt;/p&gt;
        &lt;/noscript&gt;
        
        &lt;form action=&quot;https://dev-05937739.okta.com/app/dev-05937739_springsecuritysaml2idptwo_1/exk4842vmapcMkohr5d7/sso/saml&quot; method=&quot;post&quot;&gt;
            &lt;div&gt;
                &lt;input type=&quot;hidden&quot; name=&quot;SAMLRequest&quot; value=&quot;PD94bWwgdmVyc2lvbj0iMS4wIiBlbmNvZGluZz0iVVRGLTgiPz48c2FtbDJwOkF1dGhuUmVxdWVzdCB4bWxuczpzYW1sMnA9InVybjpvYXNpczpuYW1lczp0YzpTQU1MOjIuMDpwcm90b2NvbCIgQXNzZXJ0aW9uQ29uc3VtZXJTZXJ2aWNlVVJMPSJodHRwOi8vbG9jYWxob3N0OjgwODAvbG9naW4vc2FtbDIvc3NvL3R3byIgRGVzdGluYXRpb249Imh0dHBzOi8vZGV2LTA1OTM3NzM5Lm9rdGEuY29tL2FwcC9kZXYtMDU5Mzc3Mzlfc3ByaW5nc2VjdXJpdHlzYW1sMmlkcHR3b18xL2V4azQ4NDJ2bWFwY01rb2hyNWQ3L3Nzby9zYW1sIiBGb3JjZUF1dGhuPSJmYWxzZSIgSUQ9IkFSUTVlNmE1MjAtNGEyYy00MmUwLTkyODktMDU3NDA4NzQ0NDBkIiBJc1Bhc3NpdmU9ImZhbHNlIiBJc3N1ZUluc3RhbnQ9IjIwMjMtMDQtMTdUMDQ6NTQ6MDMuNjYzWiIgUHJvdG9jb2xCaW5kaW5nPSJ1cm46b2FzaXM6bmFtZXM6dGM6U0FNTDoyLjA6YmluZGluZ3M6SFRUUC1QT1NUIiBWZXJzaW9uPSIyLjAiPjxzYW1sMjpJc3N1ZXIgeG1sbnM6c2FtbDI9InVybjpvYXNpczpuYW1lczp0YzpTQU1MOjIuMDphc3NlcnRpb24iPmh0dHA6Ly9sb2NhbGhvc3Q6ODA4MC9zYW1sMi9zZXJ2aWNlLXByb3ZpZGVyLW1ldGFkYXRhL3R3bzwvc2FtbDI6SXNzdWVyPjwvc2FtbDJwOkF1dGhuUmVxdWVzdD4=&quot;/&gt;
                &lt;input type=&quot;hidden&quot; name=&quot;RelayState&quot; value=&quot;2db02d0e-51e1-48eb-95d8-76e39d282ffd&quot;/&gt;
            &lt;/div&gt;
            &lt;noscript&gt;
                &lt;div&gt;
                    &lt;input type=&quot;submit&quot; value=&quot;Continue&quot;/&gt;
                &lt;/div&gt;
            &lt;/noscript&gt;
        &lt;/form&gt;
        
    &lt;/body&gt;
    &lt;script&gt;window.onload = () =&gt; document.forms[0].submit();&lt;/script&gt;
&lt;/html&gt;
    Forwarded URL = null
   Redirected URL = null
          Cookies = []
</pre>
</span>
</div>
</div>
<div id="footer">
<p>
<div>
<label class="hidden" id="label-for-line-wrapping-toggle" for="line-wrapping-toggle">Wrap lines
<input id="line-wrapping-toggle" type="checkbox" autocomplete="off"/>
</label>
</div>Generated by 
<a href="http://www.gradle.org">Gradle 7.5.1</a> at 2023/04/17 13:54:25</p>
</div>
</div>
</body>
</html>
